05/10/25 16:09:04: Running xcd server. This server was built by gradle.
05/10/25 16:09:04: Server was asked to start on port: '58375'
05/10/25 16:09:04: Server is using token UUID: '32b65d6c-b64e-43b0-be59-78d4a694e749'
05/10/25 16:09:04: SESSION_MGR: creating session with session uuid: '6d04a3e9-ade5-4ab9-8d63-1f78fcd2ec76' and name 'default'
05/10/25 16:09:04: Attempting to start server on port '58375'
05/10/25 16:09:04: Running Dispatch Server
05/10/25 16:09:04: Version 2.2.0
05/10/25 16:09:06: Dispatch Server: Accepted socket connection from client
05/10/25 16:09:06: Starting Socket connection
05/10/25 16:09:06: EXCHANGE_TOKEN received, server token: 32b65d6c-b64e-43b0-be59-78d4a694e749, passed token: 32b65d6c-b64e-43b0-be59-78d4a694e749
05/10/25 16:09:07: DISPATCH_HANDLER: Adding handler from function makeHandler in library xv_system_diagram
05/10/25 16:09:07: SESSION_MGR: creating session with session uuid: '33dd27af-b6b7-417f-9b6f-2b9574e7d9b3' and name 'v++_compile_resblock'
05/10/25 16:09:07: KERNEL_SVC: creating session with uuid: '33dd27af-b6b7-417f-9b6f-2b9574e7d9b3' and name 'v++_compile_resblock'
05/10/25 16:09:07: GUIDANCE_SMGR: creating guidance session with uuid: '33dd27af-b6b7-417f-9b6f-2b9574e7d9b3' and name 'v++_compile_resblock'
05/10/25 16:09:07: SYSTEM_DIAGRAM: creating session with uuid: '33dd27af-b6b7-417f-9b6f-2b9574e7d9b3' and name 'v++_compile_resblock'
05/10/25 16:09:11: Dispatch Server: Accepted socket connection from client
05/10/25 16:09:11: Starting Socket connection
05/10/25 16:09:25: SESSION_MGR: closing session for UUID '33dd27af-b6b7-417f-9b6f-2b9574e7d9b3' with name 'v++_compile_resblock'
05/10/25 16:09:25: KERNEL_SVC: closing session for UUID '33dd27af-b6b7-417f-9b6f-2b9574e7d9b3' with name 'v++_compile_resblock'
05/10/25 16:09:25: GUIDANCE_SMGR: closing session for UUID '33dd27af-b6b7-417f-9b6f-2b9574e7d9b3' with name 'v++_compile_resblock'
05/10/25 16:09:25: SYSTEM_DIAGRAM: closing session for UUID '33dd27af-b6b7-417f-9b6f-2b9574e7d9b3' with name 'v++_compile_resblock'
05/10/25 16:09:25: STOP_SERVER received, server token: 32b65d6c-b64e-43b0-be59-78d4a694e749, passed token: 32b65d6c-b64e-43b0-be59-78d4a694e749
05/10/25 16:09:25: Socket received request to stop server.
05/10/25 16:09:25: Dispatch Server: do_await_stop
05/10/25 16:09:25: SERVER: destructor for server bound to port 58375
