Execute     source -notrace -encoding utf-8 X:/Xilinx/Vitis/2024.2/tps/tcl/tcl8.6/clock.tcl 
Execute       source -encoding utf-8 X:/Xilinx/Vitis/2024.2/tps/tcl/tcl8/8.5/msgcat-1.6.1.tm 
Execute         source X:/Xilinx/Vitis/2024.2/tps/tcl/tcllib1.11.1/amazon-s3/pkgIndex.tcl 
Execute         source X:/Xilinx/Vitis/2024.2/tps/tcl/tcllib1.11.1/asn/pkgIndex.tcl 
Execute         source X:/Xilinx/Vitis/2024.2/tps/tcl/tcllib1.11.1/base32/pkgIndex.tcl 
Execute         source X:/Xilinx/Vitis/2024.2/tps/tcl/tcllib1.11.1/base64/pkgIndex.tcl 
Execute         source X:/Xilinx/Vitis/2024.2/tps/tcl/tcllib1.11.1/bee/pkgIndex.tcl 
Execute         source X:/Xilinx/Vitis/2024.2/tps/tcl/tcllib1.11.1/bench/pkgIndex.tcl 
Execute         source X:/Xilinx/Vitis/2024.2/tps/tcl/tcllib1.11.1/bibtex/pkgIndex.tcl 
Execute         source X:/Xilinx/Vitis/2024.2/tps/tcl/tcllib1.11.1/cache/pkgIndex.tcl 
Execute         source X:/Xilinx/Vitis/2024.2/tps/tcl/tcllib1.11.1/cmdline/pkgIndex.tcl 
Execute         source X:/Xilinx/Vitis/2024.2/tps/tcl/tcllib1.11.1/comm/pkgIndex.tcl 
Execute         source X:/Xilinx/Vitis/2024.2/tps/tcl/tcllib1.11.1/control/pkgIndex.tcl 
Execute         source X:/Xilinx/Vitis/2024.2/tps/tcl/tcllib1.11.1/counter/pkgIndex.tcl 
Execute         source X:/Xilinx/Vitis/2024.2/tps/tcl/tcllib1.11.1/crc/pkgIndex.tcl 
Execute         source X:/Xilinx/Vitis/2024.2/tps/tcl/tcllib1.11.1/csv/pkgIndex.tcl 
Execute         source X:/Xilinx/Vitis/2024.2/tps/tcl/tcllib1.11.1/dns/pkgIndex.tcl 
Execute         source X:/Xilinx/Vitis/2024.2/tps/tcl/tcllib1.11.1/docstrip/pkgIndex.tcl 
Execute         source X:/Xilinx/Vitis/2024.2/tps/tcl/tcllib1.11.1/doctools/pkgIndex.tcl 
Execute         source X:/Xilinx/Vitis/2024.2/tps/tcl/tcllib1.11.1/exif/pkgIndex.tcl 
Execute         source X:/Xilinx/Vitis/2024.2/tps/tcl/tcllib1.11.1/fileutil/pkgIndex.tcl 
Execute         source X:/Xilinx/Vitis/2024.2/tps/tcl/tcllib1.11.1/ftp/pkgIndex.tcl 
Execute         source X:/Xilinx/Vitis/2024.2/tps/tcl/tcllib1.11.1/ftpd/pkgIndex.tcl 
Execute         source X:/Xilinx/Vitis/2024.2/tps/tcl/tcllib1.11.1/fumagic/pkgIndex.tcl 
Execute         source X:/Xilinx/Vitis/2024.2/tps/tcl/tcllib1.11.1/grammar_fa/pkgIndex.tcl 
Execute         source X:/Xilinx/Vitis/2024.2/tps/tcl/tcllib1.11.1/grammar_me/pkgIndex.tcl 
Execute         source X:/Xilinx/Vitis/2024.2/tps/tcl/tcllib1.11.1/grammar_peg/pkgIndex.tcl 
Execute         source X:/Xilinx/Vitis/2024.2/tps/tcl/tcllib1.11.1/html/pkgIndex.tcl 
Execute         source X:/Xilinx/Vitis/2024.2/tps/tcl/tcllib1.11.1/htmlparse/pkgIndex.tcl 
Execute         source X:/Xilinx/Vitis/2024.2/tps/tcl/tcllib1.11.1/http/pkgIndex.tcl 
Execute         source X:/Xilinx/Vitis/2024.2/tps/tcl/tcllib1.11.1/ident/pkgIndex.tcl 
Execute         source X:/Xilinx/Vitis/2024.2/tps/tcl/tcllib1.11.1/inifile/pkgIndex.tcl 
Execute         source X:/Xilinx/Vitis/2024.2/tps/tcl/tcllib1.11.1/interp/pkgIndex.tcl 
Execute         source X:/Xilinx/Vitis/2024.2/tps/tcl/tcllib1.11.1/irc/pkgIndex.tcl 
Execute         source X:/Xilinx/Vitis/2024.2/tps/tcl/tcllib1.11.1/javascript/pkgIndex.tcl 
Execute         source X:/Xilinx/Vitis/2024.2/tps/tcl/tcllib1.11.1/jpeg/pkgIndex.tcl 
Execute         source X:/Xilinx/Vitis/2024.2/tps/tcl/tcllib1.11.1/json/pkgIndex.tcl 
Execute         source X:/Xilinx/Vitis/2024.2/tps/tcl/tcllib1.11.1/ldap/pkgIndex.tcl 
Execute         source X:/Xilinx/Vitis/2024.2/tps/tcl/tcllib1.11.1/log/pkgIndex.tcl 
Execute         source X:/Xilinx/Vitis/2024.2/tps/tcl/tcllib1.11.1/map/pkgIndex.tcl 
Execute         source X:/Xilinx/Vitis/2024.2/tps/tcl/tcllib1.11.1/mapproj/pkgIndex.tcl 
Execute         source X:/Xilinx/Vitis/2024.2/tps/tcl/tcllib1.11.1/math/pkgIndex.tcl 
Execute         source X:/Xilinx/Vitis/2024.2/tps/tcl/tcllib1.11.1/md4/pkgIndex.tcl 
Execute         source X:/Xilinx/Vitis/2024.2/tps/tcl/tcllib1.11.1/md5/pkgIndex.tcl 
Execute         source X:/Xilinx/Vitis/2024.2/tps/tcl/tcllib1.11.1/md5crypt/pkgIndex.tcl 
Execute         source X:/Xilinx/Vitis/2024.2/tps/tcl/tcllib1.11.1/mime/pkgIndex.tcl 
Execute         source X:/Xilinx/Vitis/2024.2/tps/tcl/tcllib1.11.1/multiplexer/pkgIndex.tcl 
Execute         source X:/Xilinx/Vitis/2024.2/tps/tcl/tcllib1.11.1/ncgi/pkgIndex.tcl 
Execute         source X:/Xilinx/Vitis/2024.2/tps/tcl/tcllib1.11.1/nmea/pkgIndex.tcl 
Execute         source X:/Xilinx/Vitis/2024.2/tps/tcl/tcllib1.11.1/nns/pkgIndex.tcl 
Execute         source X:/Xilinx/Vitis/2024.2/tps/tcl/tcllib1.11.1/nntp/pkgIndex.tcl 
Execute         source X:/Xilinx/Vitis/2024.2/tps/tcl/tcllib1.11.1/ntp/pkgIndex.tcl 
Execute         source X:/Xilinx/Vitis/2024.2/tps/tcl/tcllib1.11.1/otp/pkgIndex.tcl 
Execute         source X:/Xilinx/Vitis/2024.2/tps/tcl/tcllib1.11.1/page/pkgIndex.tcl 
Execute         source X:/Xilinx/Vitis/2024.2/tps/tcl/tcllib1.11.1/pluginmgr/pkgIndex.tcl 
Execute         source X:/Xilinx/Vitis/2024.2/tps/tcl/tcllib1.11.1/png/pkgIndex.tcl 
Execute         source X:/Xilinx/Vitis/2024.2/tps/tcl/tcllib1.11.1/pop3/pkgIndex.tcl 
Execute         source X:/Xilinx/Vitis/2024.2/tps/tcl/tcllib1.11.1/pop3d/pkgIndex.tcl 
Execute         source X:/Xilinx/Vitis/2024.2/tps/tcl/tcllib1.11.1/profiler/pkgIndex.tcl 
Execute         source X:/Xilinx/Vitis/2024.2/tps/tcl/tcllib1.11.1/rcs/pkgIndex.tcl 
Execute         source X:/Xilinx/Vitis/2024.2/tps/tcl/tcllib1.11.1/report/pkgIndex.tcl 
Execute         source X:/Xilinx/Vitis/2024.2/tps/tcl/tcllib1.11.1/ripemd/pkgIndex.tcl 
Execute         source X:/Xilinx/Vitis/2024.2/tps/tcl/tcllib1.11.1/sasl/pkgIndex.tcl 
Execute         source X:/Xilinx/Vitis/2024.2/tps/tcl/tcllib1.11.1/sha1/pkgIndex.tcl 
Execute         source X:/Xilinx/Vitis/2024.2/tps/tcl/tcllib1.11.1/simulation/pkgIndex.tcl 
Execute         source X:/Xilinx/Vitis/2024.2/tps/tcl/tcllib1.11.1/smtpd/pkgIndex.tcl 
Execute         source X:/Xilinx/Vitis/2024.2/tps/tcl/tcllib1.11.1/snit/pkgIndex.tcl 
Execute         source X:/Xilinx/Vitis/2024.2/tps/tcl/tcllib1.11.1/soundex/pkgIndex.tcl 
Execute         source X:/Xilinx/Vitis/2024.2/tps/tcl/tcllib1.11.1/stooop/pkgIndex.tcl 
Execute         source X:/Xilinx/Vitis/2024.2/tps/tcl/tcllib1.11.1/stringprep/pkgIndex.tcl 
Execute         source X:/Xilinx/Vitis/2024.2/tps/tcl/tcllib1.11.1/struct/pkgIndex.tcl 
Execute         source X:/Xilinx/Vitis/2024.2/tps/tcl/tcllib1.11.1/tar/pkgIndex.tcl 
Execute         source X:/Xilinx/Vitis/2024.2/tps/tcl/tcllib1.11.1/term/pkgIndex.tcl 
Execute         source X:/Xilinx/Vitis/2024.2/tps/tcl/tcllib1.11.1/textutil/pkgIndex.tcl 
Execute         source X:/Xilinx/Vitis/2024.2/tps/tcl/tcllib1.11.1/tie/pkgIndex.tcl 
Execute         source X:/Xilinx/Vitis/2024.2/tps/tcl/tcllib1.11.1/tiff/pkgIndex.tcl 
Execute         source X:/Xilinx/Vitis/2024.2/tps/tcl/tcllib1.11.1/transfer/pkgIndex.tcl 
Execute         source X:/Xilinx/Vitis/2024.2/tps/tcl/tcllib1.11.1/treeql/pkgIndex.tcl 
Execute         source X:/Xilinx/Vitis/2024.2/tps/tcl/tcllib1.11.1/try/pkgIndex.tcl 
Execute         source X:/Xilinx/Vitis/2024.2/tps/tcl/tcllib1.11.1/uev/pkgIndex.tcl 
Execute         source X:/Xilinx/Vitis/2024.2/tps/tcl/tcllib1.11.1/units/pkgIndex.tcl 
Execute         source X:/Xilinx/Vitis/2024.2/tps/tcl/tcllib1.11.1/uri/pkgIndex.tcl 
Execute         source X:/Xilinx/Vitis/2024.2/tps/tcl/tcllib1.11.1/uuid/pkgIndex.tcl 
Execute         source X:/Xilinx/Vitis/2024.2/tps/tcl/tcllib1.11.1/wip/pkgIndex.tcl 
Execute         source X:/Xilinx/Vitis/2024.2/tps/tcl/tcllib1.11.1/yaml/pkgIndex.tcl 
Execute         source X:/Xilinx/Vitis/2024.2/tps/tcl/tcllib1.11.1/pkgIndex.tcl 
Execute         source X:/Xilinx/Vitis/2024.2/tps/tcl/tk8.6/pkgIndex.tcl 
Execute         source X:/Xilinx/Vitis/2024.2/tps/tcl/tcl8.6/http1.0/pkgIndex.tcl 
Execute         source X:/Xilinx/Vitis/2024.2/tps/tcl/tcl8.6/opt0.4/pkgIndex.tcl 
Execute         source X:/Xilinx/Vitis/2024.2/tps/tcl/tcl8.6/pkgs/win/thread2.8.7/pkgIndex.tcl 
Execute       source X:/Xilinx/Vitis/2024.2/tps/tcl/tcllib1.11.1/amazon-s3/pkgIndex.tcl 
Execute       source X:/Xilinx/Vitis/2024.2/tps/tcl/tcllib1.11.1/asn/pkgIndex.tcl 
Execute       source X:/Xilinx/Vitis/2024.2/tps/tcl/tcllib1.11.1/base32/pkgIndex.tcl 
Execute       source X:/Xilinx/Vitis/2024.2/tps/tcl/tcllib1.11.1/base64/pkgIndex.tcl 
Execute       source X:/Xilinx/Vitis/2024.2/tps/tcl/tcllib1.11.1/bee/pkgIndex.tcl 
Execute       source X:/Xilinx/Vitis/2024.2/tps/tcl/tcllib1.11.1/bench/pkgIndex.tcl 
Execute       source X:/Xilinx/Vitis/2024.2/tps/tcl/tcllib1.11.1/bibtex/pkgIndex.tcl 
Execute       source X:/Xilinx/Vitis/2024.2/tps/tcl/tcllib1.11.1/cache/pkgIndex.tcl 
Execute       source X:/Xilinx/Vitis/2024.2/tps/tcl/tcllib1.11.1/cmdline/pkgIndex.tcl 
Execute       source X:/Xilinx/Vitis/2024.2/tps/tcl/tcllib1.11.1/comm/pkgIndex.tcl 
Execute       source X:/Xilinx/Vitis/2024.2/tps/tcl/tcllib1.11.1/control/pkgIndex.tcl 
Execute       source X:/Xilinx/Vitis/2024.2/tps/tcl/tcllib1.11.1/counter/pkgIndex.tcl 
Execute       source X:/Xilinx/Vitis/2024.2/tps/tcl/tcllib1.11.1/crc/pkgIndex.tcl 
Execute       source X:/Xilinx/Vitis/2024.2/tps/tcl/tcllib1.11.1/csv/pkgIndex.tcl 
Execute       source X:/Xilinx/Vitis/2024.2/tps/tcl/tcllib1.11.1/dns/pkgIndex.tcl 
Execute       source X:/Xilinx/Vitis/2024.2/tps/tcl/tcllib1.11.1/docstrip/pkgIndex.tcl 
Execute       source X:/Xilinx/Vitis/2024.2/tps/tcl/tcllib1.11.1/doctools/pkgIndex.tcl 
Execute       source X:/Xilinx/Vitis/2024.2/tps/tcl/tcllib1.11.1/exif/pkgIndex.tcl 
Execute       source X:/Xilinx/Vitis/2024.2/tps/tcl/tcllib1.11.1/fileutil/pkgIndex.tcl 
Execute       source X:/Xilinx/Vitis/2024.2/tps/tcl/tcllib1.11.1/ftp/pkgIndex.tcl 
Execute       source X:/Xilinx/Vitis/2024.2/tps/tcl/tcllib1.11.1/ftpd/pkgIndex.tcl 
Execute       source X:/Xilinx/Vitis/2024.2/tps/tcl/tcllib1.11.1/fumagic/pkgIndex.tcl 
Execute       source X:/Xilinx/Vitis/2024.2/tps/tcl/tcllib1.11.1/grammar_fa/pkgIndex.tcl 
Execute       source X:/Xilinx/Vitis/2024.2/tps/tcl/tcllib1.11.1/grammar_me/pkgIndex.tcl 
Execute       source X:/Xilinx/Vitis/2024.2/tps/tcl/tcllib1.11.1/grammar_peg/pkgIndex.tcl 
Execute       source X:/Xilinx/Vitis/2024.2/tps/tcl/tcllib1.11.1/html/pkgIndex.tcl 
Execute       source X:/Xilinx/Vitis/2024.2/tps/tcl/tcllib1.11.1/htmlparse/pkgIndex.tcl 
Execute       source X:/Xilinx/Vitis/2024.2/tps/tcl/tcllib1.11.1/http/pkgIndex.tcl 
Execute       source X:/Xilinx/Vitis/2024.2/tps/tcl/tcllib1.11.1/ident/pkgIndex.tcl 
Execute       source X:/Xilinx/Vitis/2024.2/tps/tcl/tcllib1.11.1/inifile/pkgIndex.tcl 
Execute       source X:/Xilinx/Vitis/2024.2/tps/tcl/tcllib1.11.1/interp/pkgIndex.tcl 
Execute       source X:/Xilinx/Vitis/2024.2/tps/tcl/tcllib1.11.1/irc/pkgIndex.tcl 
Execute       source X:/Xilinx/Vitis/2024.2/tps/tcl/tcllib1.11.1/javascript/pkgIndex.tcl 
Execute       source X:/Xilinx/Vitis/2024.2/tps/tcl/tcllib1.11.1/jpeg/pkgIndex.tcl 
Execute       source X:/Xilinx/Vitis/2024.2/tps/tcl/tcllib1.11.1/json/pkgIndex.tcl 
Execute       source X:/Xilinx/Vitis/2024.2/tps/tcl/tcllib1.11.1/ldap/pkgIndex.tcl 
Execute       source X:/Xilinx/Vitis/2024.2/tps/tcl/tcllib1.11.1/log/pkgIndex.tcl 
Execute       source X:/Xilinx/Vitis/2024.2/tps/tcl/tcllib1.11.1/map/pkgIndex.tcl 
Execute       source X:/Xilinx/Vitis/2024.2/tps/tcl/tcllib1.11.1/mapproj/pkgIndex.tcl 
Execute       source X:/Xilinx/Vitis/2024.2/tps/tcl/tcllib1.11.1/math/pkgIndex.tcl 
Execute       source X:/Xilinx/Vitis/2024.2/tps/tcl/tcllib1.11.1/md4/pkgIndex.tcl 
Execute       source X:/Xilinx/Vitis/2024.2/tps/tcl/tcllib1.11.1/md5/pkgIndex.tcl 
Execute       source X:/Xilinx/Vitis/2024.2/tps/tcl/tcllib1.11.1/md5crypt/pkgIndex.tcl 
Execute       source X:/Xilinx/Vitis/2024.2/tps/tcl/tcllib1.11.1/mime/pkgIndex.tcl 
Execute       source X:/Xilinx/Vitis/2024.2/tps/tcl/tcllib1.11.1/multiplexer/pkgIndex.tcl 
Execute       source X:/Xilinx/Vitis/2024.2/tps/tcl/tcllib1.11.1/ncgi/pkgIndex.tcl 
Execute       source X:/Xilinx/Vitis/2024.2/tps/tcl/tcllib1.11.1/nmea/pkgIndex.tcl 
Execute       source X:/Xilinx/Vitis/2024.2/tps/tcl/tcllib1.11.1/nns/pkgIndex.tcl 
Execute       source X:/Xilinx/Vitis/2024.2/tps/tcl/tcllib1.11.1/nntp/pkgIndex.tcl 
Execute       source X:/Xilinx/Vitis/2024.2/tps/tcl/tcllib1.11.1/ntp/pkgIndex.tcl 
Execute       source X:/Xilinx/Vitis/2024.2/tps/tcl/tcllib1.11.1/otp/pkgIndex.tcl 
Execute       source X:/Xilinx/Vitis/2024.2/tps/tcl/tcllib1.11.1/page/pkgIndex.tcl 
Execute       source X:/Xilinx/Vitis/2024.2/tps/tcl/tcllib1.11.1/pluginmgr/pkgIndex.tcl 
Execute       source X:/Xilinx/Vitis/2024.2/tps/tcl/tcllib1.11.1/png/pkgIndex.tcl 
Execute       source X:/Xilinx/Vitis/2024.2/tps/tcl/tcllib1.11.1/pop3/pkgIndex.tcl 
Execute       source X:/Xilinx/Vitis/2024.2/tps/tcl/tcllib1.11.1/pop3d/pkgIndex.tcl 
Execute       source X:/Xilinx/Vitis/2024.2/tps/tcl/tcllib1.11.1/profiler/pkgIndex.tcl 
Execute       source X:/Xilinx/Vitis/2024.2/tps/tcl/tcllib1.11.1/rcs/pkgIndex.tcl 
Execute       source X:/Xilinx/Vitis/2024.2/tps/tcl/tcllib1.11.1/report/pkgIndex.tcl 
Execute       source X:/Xilinx/Vitis/2024.2/tps/tcl/tcllib1.11.1/ripemd/pkgIndex.tcl 
Execute       source X:/Xilinx/Vitis/2024.2/tps/tcl/tcllib1.11.1/sasl/pkgIndex.tcl 
Execute       source X:/Xilinx/Vitis/2024.2/tps/tcl/tcllib1.11.1/sha1/pkgIndex.tcl 
Execute       source X:/Xilinx/Vitis/2024.2/tps/tcl/tcllib1.11.1/simulation/pkgIndex.tcl 
Execute       source X:/Xilinx/Vitis/2024.2/tps/tcl/tcllib1.11.1/smtpd/pkgIndex.tcl 
Execute       source X:/Xilinx/Vitis/2024.2/tps/tcl/tcllib1.11.1/snit/pkgIndex.tcl 
Execute       source X:/Xilinx/Vitis/2024.2/tps/tcl/tcllib1.11.1/soundex/pkgIndex.tcl 
Execute       source X:/Xilinx/Vitis/2024.2/tps/tcl/tcllib1.11.1/stooop/pkgIndex.tcl 
Execute       source X:/Xilinx/Vitis/2024.2/tps/tcl/tcllib1.11.1/stringprep/pkgIndex.tcl 
Execute       source X:/Xilinx/Vitis/2024.2/tps/tcl/tcllib1.11.1/struct/pkgIndex.tcl 
Execute       source X:/Xilinx/Vitis/2024.2/tps/tcl/tcllib1.11.1/tar/pkgIndex.tcl 
Execute       source X:/Xilinx/Vitis/2024.2/tps/tcl/tcllib1.11.1/term/pkgIndex.tcl 
Execute       source X:/Xilinx/Vitis/2024.2/tps/tcl/tcllib1.11.1/textutil/pkgIndex.tcl 
Execute       source X:/Xilinx/Vitis/2024.2/tps/tcl/tcllib1.11.1/tie/pkgIndex.tcl 
Execute       source X:/Xilinx/Vitis/2024.2/tps/tcl/tcllib1.11.1/tiff/pkgIndex.tcl 
Execute       source X:/Xilinx/Vitis/2024.2/tps/tcl/tcllib1.11.1/transfer/pkgIndex.tcl 
Execute       source X:/Xilinx/Vitis/2024.2/tps/tcl/tcllib1.11.1/treeql/pkgIndex.tcl 
Execute       source X:/Xilinx/Vitis/2024.2/tps/tcl/tcllib1.11.1/try/pkgIndex.tcl 
Execute       source X:/Xilinx/Vitis/2024.2/tps/tcl/tcllib1.11.1/uev/pkgIndex.tcl 
Execute       source X:/Xilinx/Vitis/2024.2/tps/tcl/tcllib1.11.1/units/pkgIndex.tcl 
Execute       source X:/Xilinx/Vitis/2024.2/tps/tcl/tcllib1.11.1/uri/pkgIndex.tcl 
Execute       source X:/Xilinx/Vitis/2024.2/tps/tcl/tcllib1.11.1/uuid/pkgIndex.tcl 
Execute       source X:/Xilinx/Vitis/2024.2/tps/tcl/tcllib1.11.1/wip/pkgIndex.tcl 
Execute       source X:/Xilinx/Vitis/2024.2/tps/tcl/tcllib1.11.1/yaml/pkgIndex.tcl 
Execute       source X:/Xilinx/Vitis/2024.2/tps/tcl/tcllib1.11.1/pkgIndex.tcl 
Execute       source X:/Xilinx/Vitis/2024.2/tps/tcl/tk8.6/pkgIndex.tcl 
Execute       source X:/Xilinx/Vitis/2024.2/tps/tcl/tcl8.6/http1.0/pkgIndex.tcl 
Execute       source X:/Xilinx/Vitis/2024.2/tps/tcl/tcl8.6/opt0.4/pkgIndex.tcl 
Execute       source X:/Xilinx/Vitis/2024.2/tps/tcl/tcl8.6/pkgs/win/thread2.8.7/pkgIndex.tcl 
Command     ap_source done; 0.123 sec.
INFO-FLOW: Workspace X:/Xilinx/unified_workspace/resnet_hls/resblock/hls opened at Sat May 10 16:09:09 +1000 2025
Execute     send_msg_by_id INFO @200-1505@%s%s default  vivado 
INFO: [HLS 200-1505] Using default flow_target 'vivado'
Command   open_solution done; 0.182 sec.
Execute   apply_ini X:/Xilinx/unified_workspace/resnet_hls/hls_config.cfg 
Execute     send_msg_by_id INFO @200-1465@%s 'syn.file=X:/Xilinx/workspace/resblock_hls/src/resblock.cpp' from X:/Xilinx/unified_workspace/resnet_hls/hls_config.cfg(8) 
INFO: [HLS 200-1465] Applying ini 'syn.file=X:/Xilinx/workspace/resblock_hls/src/resblock.cpp' from X:/Xilinx/unified_workspace/resnet_hls/hls_config.cfg(8)
Execute     add_files X:/Xilinx/workspace/resblock_hls/src/resblock.cpp 
INFO: [HLS 200-10] Adding design file 'X:/Xilinx/workspace/resblock_hls/src/resblock.cpp' to the project
Execute     send_msg_by_id INFO @200-1465@%s 'tb.file=X:/Xilinx/workspace/resblock_hls/src/resblock_tb.cpp' from X:/Xilinx/unified_workspace/resnet_hls/hls_config.cfg(9) 
INFO: [HLS 200-1465] Applying ini 'tb.file=X:/Xilinx/workspace/resblock_hls/src/resblock_tb.cpp' from X:/Xilinx/unified_workspace/resnet_hls/hls_config.cfg(9)
Execute     add_files -tb X:/Xilinx/workspace/resblock_hls/src/resblock_tb.cpp 
INFO: [HLS 200-10] Adding test bench file 'X:/Xilinx/workspace/resblock_hls/src/resblock_tb.cpp' to the project
Execute     send_msg_by_id INFO @200-1465@%s 'syn.top=resblock' from X:/Xilinx/unified_workspace/resnet_hls/hls_config.cfg(7) 
INFO: [HLS 200-1465] Applying ini 'syn.top=resblock' from X:/Xilinx/unified_workspace/resnet_hls/hls_config.cfg(7)
Execute     set_top resblock 
Execute     send_msg_by_id INFO @200-1465@%s 'flow_target=vivado' from X:/Xilinx/unified_workspace/resnet_hls/hls_config.cfg(4) 
INFO: [HLS 200-1465] Applying ini 'flow_target=vivado' from X:/Xilinx/unified_workspace/resnet_hls/hls_config.cfg(4)
Execute     send_msg_by_id INFO @200-1505@%s%s  vivado 
INFO: [HLS 200-1505] Using flow_target 'vivado'
Execute     send_msg_by_id INFO @200-1465@%s 'part=xcvu9p-flga2104-2-e' from X:/Xilinx/unified_workspace/resnet_hls/hls_config.cfg(1) 
INFO: [HLS 200-1465] Applying ini 'part=xcvu9p-flga2104-2-e' from X:/Xilinx/unified_workspace/resnet_hls/hls_config.cfg(1)
Execute     set_part xcvu9p-flga2104-2-e 
Execute       create_platform xcvu9p-flga2104-2-e -board  
DBG:HLSDevice: Trying to load device library: X:/Xilinx/Vitis/2024.2\lib\win64.o\xv_hlsvwrap.dll
DBG:HLSDevice: first parts/arch.xml in RDI_DATADIR: X:/Xilinx/Vivado/2024.2/data/parts/arch.xml
DBG:HLSDevice: init success
INFO: [HLS 200-1611] Setting target device to 'xcvu9p-flga2104-2-e'
Command       create_platform done; 1.06 sec.
Execute       source X:/Xilinx/Vitis/2024.2/common/technology/xilinx/common/xilinx.gen 
Execute         source X:/Xilinx/Vitis/2024.2/common/technology/xilinx/interface/plb46.gen 
Execute         source X:/Xilinx/Vitis/2024.2/common/technology/xilinx/interface/axi4.gen 
Execute         source X:/Xilinx/Vitis/2024.2/common/technology/xilinx/interface/nativeAXI4.gen 
Execute           source X:/Xilinx/Vitis/2024.2/common/technology/xilinx/interface/saxilite.gen 
Execute         source X:/Xilinx/Vitis/2024.2/common/technology/xilinx/scripts/xilinxcoregen.gen 
Execute         source X:/Xilinx/Vitis/2024.2/common/technology/xilinx/interface/XilEDKCoreGen.gen 
Execute         source X:/Xilinx/Vitis/2024.2/common/technology/xilinx/ip/dds_compiler.gen 
Execute         source X:/Xilinx/Vitis/2024.2/common/technology/xilinx/ip/util.gen 
Execute         source X:/Xilinx/Vitis/2024.2/common/technology/xilinx/ip/xfft.gen 
Execute         source X:/Xilinx/Vitis/2024.2/common/technology/xilinx/ip/xfir.gen 
Execute         source X:/Xilinx/Vitis/2024.2/common/technology/xilinx/DSP48/dsp48.gen 
Command       ap_source done; 0.247 sec.
Execute       ap_part_info -name xcvu9p-flga2104-2-e -data info 
Execute       config_compile -quiet -complex-mul-dsp=0 
Command     set_part done; 1.333 sec.
Execute     send_msg_by_id INFO @200-1465@%s 'clock=10ns' from X:/Xilinx/unified_workspace/resnet_hls/hls_config.cfg(10) 
INFO: [HLS 200-1465] Applying ini 'clock=10ns' from X:/Xilinx/unified_workspace/resnet_hls/hls_config.cfg(10)
Execute     create_clock -period 10ns 
Execute       ap_set_clock -name default -period 10 -unit ns -default=false 
INFO: [SYN 201-201] Setting up clock 'default' with a period of 10ns.
Execute     send_msg_by_id INFO @200-1465@%s 'package.output.format=ip_catalog' from X:/Xilinx/unified_workspace/resnet_hls/hls_config.cfg(5) 
INFO: [HLS 200-1465] Applying ini 'package.output.format=ip_catalog' from X:/Xilinx/unified_workspace/resnet_hls/hls_config.cfg(5)
Execute     config_export -format=ip_catalog 
Command   apply_ini done; 1.36 sec.
Execute   apply_ini X:/Xilinx/unified_workspace/resnet_hls/resblock/hls/config.cmdline 
Execute   ::AP::init_summary_file csynth 
Execute     AP::app_get_file_relativeroot [AP::app_get_root] {}
Execute   csynth_design 
INFO-FLOW: Running SLX 'csynth' proc: ::SLX::run_csynth
Execute     elaborate -effort=medium -skip_syncheck=0 -keep_printf=0 -skip_cdt=0 -skip_transform=0 -ng=0 -g=0 -opt_fp=0 -from_csynth_design=1 
INFO: [HLS 200-111] Finished File checks and directory preparation: CPU user time: 1 seconds. CPU system time: 1 seconds. Elapsed time: 2.234 seconds; current allocated memory: 265.438 MB.
Execute       set_directive_top resblock -name=resblock 
Execute       source X:/Xilinx/Vitis/2024.2/tps/tcl/tcllib1.11.1/yaml/huddle.tcl 
Execute       source X:/Xilinx/Vitis/2024.2/tps/tcl/tcllib1.11.1/yaml/json2huddle.tcl 
INFO: [HLS 200-10] Analyzing design file 'X:/Xilinx/workspace/resblock_hls/src/resblock.cpp' ... 
INFO-FLOW: Compiling one TU...
INFO-FLOW: Handling X:/Xilinx/workspace/resblock_hls/src/resblock.cpp as C++
Execute       ap_part_info -name xcvu9p-flga2104-2-e -data info 
INFO-FLOW: Running: GCC PP 39
INFO-FLOW: Source preprocessing
INFO-FLOW: run_clang exec: X:/Xilinx/Vitis/2024.2/win64/tools/clang-3.9-csynth/bin/clang X:/Xilinx/workspace/resblock_hls/src/resblock.cpp -foptimization-record-file=X:/Xilinx/unified_workspace/resnet_hls/resblock/hls/.autopilot/db/resblock.cpp.clang.diag.yml -mllvm -pass-remarks-missed=reflow|pasta|unroll|inline -mllvm -pass-remarks=reflow|pasta|unroll|inline -fno-limit-debug-info --sysroot X:/Xilinx/Vitis/2024.2/tps/mingw/8.3.0/win64.o/nt -fhls -fno-exceptions -insert-hls-directive=X:/Xilinx/unified_workspace/resnet_hls/resblock/hls/.autopilot/db/all.directive.json -E -fno-math-errno -c -emit-llvm -mllvm -disable-llvm-optzns -Werror=implicit-function-declaration -Werror=implicit-hls-streams -Werror=return-type -Wpragmas -Wunused-parameter -Wdump-hls-pragmas -Wno-error=dump-hls-pragmas -hls-clock-period=10 -fno-threadsafe-statics -fno-use-cxa-atexit -std=gnu++14 -target fpga64-xilinx-mingw32 -fno-threadsafe-statics -fno-use-cxa-atexit -D__VITIS_HLS__ -DAESL_SYN -D__SYNTHESIS__ -D__HLS_SYN__ -I X:/Xilinx/Vitis/2024.2/common/technology/autopilot -I X:/Xilinx/Vitis/2024.2/common/technology/autopilot/ap_sysc -include etc/autopilot_ssdm_op.h -D__DSP48E2__ -I /usr/include/x86_64-linux-gnu -o X:/Xilinx/unified_workspace/resnet_hls/resblock/hls/.autopilot/db/resblock.pp.0.cpp {-hls-platform-db-name=X:/Xilinx/Vitis/2024.2\common/technology\xilinx/common/platform.db} -hls-platform-name=virtexuplus_medium -device-resource-info=BRAM_4320.000000_DSP_6840.000000_FF_2364480.000000_LUT_1182240.000000_SLICE_147780.000000_SLR_3.000000_URAM_960.000000 -device-name-info=xcvu9p-flga2104-2-e > X:/Xilinx/unified_workspace/resnet_hls/resblock/hls/.autopilot/db/resblock.cpp.clang.out.log 2> X:/Xilinx/unified_workspace/resnet_hls/resblock/hls/.autopilot/db/resblock.cpp.clang.err.log
INFO-FLOW: Done: GCC PP 39 time: 0.5 seconds per iteration
INFO-FLOW: Source syntax check for synthesis
INFO-FLOW: run_clang exec: X:/Xilinx/Vitis/2024.2/win64/tools/clang-3.9-csynth/bin/clang -foptimization-record-file=X:/Xilinx/unified_workspace/resnet_hls/resblock/hls/.autopilot/db/clang.diag.yml -mllvm -pass-remarks-missed=reflow|pasta|unroll|inline -mllvm -pass-remarks=reflow|pasta|unroll|inline -fsyntax-only -fhls -target fpga64-xilinx-linux-gnu X:/Xilinx/unified_workspace/resnet_hls/resblock/hls/.autopilot/db/resblock.pp.0.cpp {-hls-platform-db-name=X:/Xilinx/Vitis/2024.2\common/technology\xilinx/common/platform.db} -hls-platform-name=virtexuplus_medium -device-resource-info=BRAM_4320.000000_DSP_6840.000000_FF_2364480.000000_LUT_1182240.000000_SLICE_147780.000000_SLR_3.000000_URAM_960.000000 -device-name-info=xcvu9p-flga2104-2-e > X:/Xilinx/unified_workspace/resnet_hls/resblock/hls/.autopilot/db/clang.out.log 2> X:/Xilinx/unified_workspace/resnet_hls/resblock/hls/.autopilot/db/clang.err.log
Execute       clang_tidy xilinx-systemc-detector -desc systemc-detector X:/Xilinx/unified_workspace/resnet_hls/resblock/hls/.autopilot/db/resblock.pp.0.cpp std=gnu++14 -target fpga  -directive=X:/Xilinx/unified_workspace/resnet_hls/resblock/hls/.autopilot/db/.systemc_flag 
INFO-FLOW: exec X:/Xilinx/Vitis/2024.2/win64/tools/clang-3.9-csynth/bin/clang-tidy -header-filter=.* --checks=-*,xilinx-systemc-detector -import-directive=X:/Xilinx/unified_workspace/resnet_hls/resblock/hls/.autopilot/db/.systemc_flag -fix-errors X:/Xilinx/unified_workspace/resnet_hls/resblock/hls/.autopilot/db/resblock.pp.0.cpp -- -std=gnu++14 -target fpga -fhls -ferror-limit=0
Command       clang_tidy done; 0.406 sec.
INFO-FLOW: Running: clang-tidy CDT preprocess 39
Execute       clang_tidy xilinx-directive2pragma -desc directive2pragma X:/Xilinx/unified_workspace/resnet_hls/resblock/hls/.autopilot/db/resblock.pp.0.cpp std=gnu++14 -target fpga  -directive=X:/Xilinx/unified_workspace/resnet_hls/resblock/hls/.autopilot/db/all.directive.json 
INFO-FLOW: exec X:/Xilinx/Vitis/2024.2/win64/tools/clang-3.9-csynth/bin/clang-tidy -header-filter=.* --checks=-*,xilinx-directive2pragma -import-directive=X:/Xilinx/unified_workspace/resnet_hls/resblock/hls/.autopilot/db/all.directive.json -fix-errors X:/Xilinx/unified_workspace/resnet_hls/resblock/hls/.autopilot/db/resblock.pp.0.cpp -- -std=gnu++14 -target fpga -fhls -ferror-limit=0
Command       clang_tidy done; 0.434 sec.
INFO-FLOW: Done: clang-tidy CDT preprocess 39 time: 0.4 seconds per iteration
INFO-FLOW: Calling xilinx-label-all-loops ... 
INFO-FLOW: Calling xilinx-aggregate-on-hls-vector ... 
Execute       clang_tidy -errorcheck -desc loop-label xilinx-label-all-loops,xilinx-aggregate-on-hls-vector,,xilinx-warn-mayneed-no-ctor-attribute X:/Xilinx/unified_workspace/resnet_hls/resblock/hls/.autopilot/db/resblock.pp.0.cpp std=gnu++14 -target fpga  
INFO-FLOW: run_clang exec: X:/Xilinx/Vitis/2024.2/win64/tools/clang-3.9-csynth/bin/clang-tidy -export-fixes=X:/Xilinx/unified_workspace/resnet_hls/resblock/hls/.autopilot/db/resblock.pp.0.cpp.clang-tidy.loop-label.diag.yml -header-filter=.* --checks=-*,xilinx-label-all-loops,xilinx-aggregate-on-hls-vector,,xilinx-warn-mayneed-no-ctor-attribute -fix-errors X:/Xilinx/unified_workspace/resnet_hls/resblock/hls/.autopilot/db/resblock.pp.0.cpp -- -std=gnu++14 -target fpga -fhls -ferror-limit=0 > X:/Xilinx/unified_workspace/resnet_hls/resblock/hls/.autopilot/db/resblock.pp.0.cpp.clang-tidy.loop-label.out.log 2> X:/Xilinx/unified_workspace/resnet_hls/resblock/hls/.autopilot/db/resblock.pp.0.cpp.clang-tidy.loop-label.err.log
Execute         source X:/Xilinx/Vitis/2024.2/tps/tcl/tcllib1.11.1/yaml/yaml.tcl 
Command       clang_tidy done; 0.542 sec.
INFO-FLOW: run_clang exec: X:/Xilinx/Vitis/2024.2/win64/tools/clang-3.9-csynth/bin/xilinx-dataflow-lawyer -export-fixes=X:/Xilinx/unified_workspace/resnet_hls/resblock/hls/.autopilot/db/resblock.pp.0.cpp.xilinx-dataflow-lawyer.diag.yml X:/Xilinx/unified_workspace/resnet_hls/resblock/hls/.autopilot/db/resblock.pp.0.cpp -- -std=gnu++14 -target fpga -fhls -ferror-limit=0 -fstrict-dataflow > X:/Xilinx/unified_workspace/resnet_hls/resblock/hls/.autopilot/db/resblock.pp.0.cpp.xilinx-dataflow-lawyer.out.log 2> X:/Xilinx/unified_workspace/resnet_hls/resblock/hls/.autopilot/db/resblock.pp.0.cpp.xilinx-dataflow-lawyer.err.log
Execute       ap_part_info -name xcvu9p-flga2104-2-e -data info 
INFO-FLOW: compiling source code to llvm bc
INFO-FLOW: run_clang exec: X:/Xilinx/Vitis/2024.2/win64/tools/clang-3.9-csynth/bin/clang -foptimization-record-file=X:/Xilinx/unified_workspace/resnet_hls/resblock/hls/.autopilot/db/resblock.pp.0.cpp.clang.diag.yml -mllvm -pass-remarks-missed=reflow|pasta|unroll|inline -mllvm -pass-remarks=reflow|pasta|unroll|inline -fno-limit-debug-info -fhls -flto -fno-exceptions -Wno-error=c++11-narrowing -hls-emit-hint-scope X:/Xilinx/unified_workspace/resnet_hls/resblock/hls/.autopilot/db/resblock.pp.0.cpp -fno-math-errno -c -emit-llvm -mllvm -disable-llvm-optzns -Werror=implicit-function-declaration -Werror=implicit-hls-streams -Werror=return-type -Wpragmas -Wunused-parameter -Wdump-hls-pragmas -Wno-error=dump-hls-pragmas -hls-clock-period=10 -fno-threadsafe-statics -fno-use-cxa-atexit -std=gnu++14 -target fpga64-xilinx-linux-gnu -D__VITIS_HLS__ -DAESL_SYN -D__SYNTHESIS__ -D__HLS_SYN__ -I X:/Xilinx/Vitis/2024.2/common/technology/autopilot -I X:/Xilinx/Vitis/2024.2/common/technology/autopilot/ap_sysc -include etc/autopilot_ssdm_op.h -D__DSP48E2__ -g -o X:/Xilinx/unified_workspace/resnet_hls/resblock/hls/.autopilot/db/resblock.bc {-hls-platform-db-name=X:/Xilinx/Vitis/2024.2\common/technology\xilinx/common/platform.db} -hls-platform-name=virtexuplus_medium -device-resource-info=BRAM_4320.000000_DSP_6840.000000_FF_2364480.000000_LUT_1182240.000000_SLICE_147780.000000_SLR_3.000000_URAM_960.000000 -device-name-info=xcvu9p-flga2104-2-e > X:/Xilinx/unified_workspace/resnet_hls/resblock/hls/.autopilot/db/resblock.pp.0.cpp.clang.out.log 2> X:/Xilinx/unified_workspace/resnet_hls/resblock/hls/.autopilot/db/resblock.pp.0.cpp.clang.err.log
INFO: [HLS 200-111] Finished Source Code Analysis and Preprocessing: CPU user time: 0 seconds. CPU system time: 0 seconds. Elapsed time: 2.993 seconds; current allocated memory: 268.531 MB.
INFO-FLOW: Linking Debug ...
INFO-FLOW: Linking dut bc code.
Execute       run_link_or_opt -out X:/Xilinx/unified_workspace/resnet_hls/resblock/hls/.autopilot/db/a.g.ld.0.bc -args  "X:/Xilinx/unified_workspace/resnet_hls/resblock/hls/.autopilot/db/resblock.g.bc"  
INFO-FLOW: run_clang exec: X:/Xilinx/Vitis/2024.2/win64/tools/clang-3.9-csynth/bin/llvm-link X:/Xilinx/unified_workspace/resnet_hls/resblock/hls/.autopilot/db/resblock.g.bc -o X:/Xilinx/unified_workspace/resnet_hls/resblock/hls/.autopilot/db/a.g.ld.0.bc > X:/Xilinx/unified_workspace/resnet_hls/resblock/hls/.autopilot/db/a.g.ld.0.bc.llvm-link.out.log 2> X:/Xilinx/unified_workspace/resnet_hls/resblock/hls/.autopilot/db/a.g.ld.0.bc.llvm-link.err.log
Command       run_link_or_opt done; 0.102 sec.
Execute       run_link_or_opt -opt -out X:/Xilinx/unified_workspace/resnet_hls/resblock/hls/.autopilot/db/a.g.ld.1.lower.bc -args X:/Xilinx/unified_workspace/resnet_hls/resblock/hls/.autopilot/db/a.g.ld.0.bc -reflow-lower-math-intrinsics 
INFO-FLOW: run_clang exec: X:/Xilinx/Vitis/2024.2/win64/tools/clang-3.9-csynth/bin/opt -pass-remarks-missed=reflow|pasta|unroll|inline -pass-remarks=reflow|pasta|unroll|inline -pass-remarks-output=X:/Xilinx/unified_workspace/resnet_hls/resblock/hls/.autopilot/db/a.g.ld.1.lower.bc.opt.diag.yml X:/Xilinx/unified_workspace/resnet_hls/resblock/hls/.autopilot/db/a.g.ld.0.bc -reflow-lower-math-intrinsics -o X:/Xilinx/unified_workspace/resnet_hls/resblock/hls/.autopilot/db/a.g.ld.1.lower.bc > X:/Xilinx/unified_workspace/resnet_hls/resblock/hls/.autopilot/db/a.g.ld.1.lower.bc.opt.out.log 2> X:/Xilinx/unified_workspace/resnet_hls/resblock/hls/.autopilot/db/a.g.ld.1.lower.bc.opt.err.log
INFO-FLOW: Running: gen_design_size_report post-opt
INFO-FLOW: Done: gen_design_size_report post-opt time: 0 seconds per iteration
Command       run_link_or_opt done; 0.175 sec.
INFO-FLOW: Linking math bc lib
Execute       run_link_or_opt -out X:/Xilinx/unified_workspace/resnet_hls/resblock/hls/.autopilot/db/a.g.ld.2.m1.bc -args X:/Xilinx/unified_workspace/resnet_hls/resblock/hls/.autopilot/db/a.g.ld.1.lower.bc -only-needed X:/Xilinx/Vitis/2024.2/win64/lib/libhlsm_39.bc X:/Xilinx/Vitis/2024.2/win64/lib/libhlsmc++_39.bc 
INFO-FLOW: run_clang exec: X:/Xilinx/Vitis/2024.2/win64/tools/clang-3.9-csynth/bin/llvm-link X:/Xilinx/unified_workspace/resnet_hls/resblock/hls/.autopilot/db/a.g.ld.1.lower.bc -only-needed X:/Xilinx/Vitis/2024.2/win64/lib/libhlsm_39.bc X:/Xilinx/Vitis/2024.2/win64/lib/libhlsmc++_39.bc -o X:/Xilinx/unified_workspace/resnet_hls/resblock/hls/.autopilot/db/a.g.ld.2.m1.bc > X:/Xilinx/unified_workspace/resnet_hls/resblock/hls/.autopilot/db/a.g.ld.2.m1.bc.llvm-link.out.log 2> X:/Xilinx/unified_workspace/resnet_hls/resblock/hls/.autopilot/db/a.g.ld.2.m1.bc.llvm-link.err.log
Command       run_link_or_opt done; 1.074 sec.
Execute       run_link_or_opt -opt -out X:/Xilinx/unified_workspace/resnet_hls/resblock/hls/.autopilot/db/a.g.ld.3.fpc.bc -args X:/Xilinx/unified_workspace/resnet_hls/resblock/hls/.autopilot/db/a.g.ld.2.m1.bc -reflow-globaldce -hls-top-function-name=resblock -reflow-float-conversion 
INFO-FLOW: run_clang exec: X:/Xilinx/Vitis/2024.2/win64/tools/clang-3.9-csynth/bin/opt -pass-remarks-missed=reflow|pasta|unroll|inline -pass-remarks=reflow|pasta|unroll|inline -pass-remarks-output=X:/Xilinx/unified_workspace/resnet_hls/resblock/hls/.autopilot/db/a.g.ld.3.fpc.bc.opt.diag.yml X:/Xilinx/unified_workspace/resnet_hls/resblock/hls/.autopilot/db/a.g.ld.2.m1.bc -reflow-globaldce -hls-top-function-name=resblock -reflow-float-conversion -o X:/Xilinx/unified_workspace/resnet_hls/resblock/hls/.autopilot/db/a.g.ld.3.fpc.bc > X:/Xilinx/unified_workspace/resnet_hls/resblock/hls/.autopilot/db/a.g.ld.3.fpc.bc.opt.out.log 2> X:/Xilinx/unified_workspace/resnet_hls/resblock/hls/.autopilot/db/a.g.ld.3.fpc.bc.opt.err.log
INFO-FLOW: Running: gen_design_size_report post-opt
INFO-FLOW: Done: gen_design_size_report post-opt time: 0 seconds per iteration
Command       run_link_or_opt done; 0.49 sec.
Execute       run_link_or_opt -out X:/Xilinx/unified_workspace/resnet_hls/resblock/hls/.autopilot/db/a.g.ld.4.m2.bc -args X:/Xilinx/unified_workspace/resnet_hls/resblock/hls/.autopilot/db/a.g.ld.3.fpc.bc -only-needed X:/Xilinx/Vitis/2024.2/win64/lib/libfloatconversion_39.bc 
INFO-FLOW: run_clang exec: X:/Xilinx/Vitis/2024.2/win64/tools/clang-3.9-csynth/bin/llvm-link X:/Xilinx/unified_workspace/resnet_hls/resblock/hls/.autopilot/db/a.g.ld.3.fpc.bc -only-needed X:/Xilinx/Vitis/2024.2/win64/lib/libfloatconversion_39.bc -o X:/Xilinx/unified_workspace/resnet_hls/resblock/hls/.autopilot/db/a.g.ld.4.m2.bc > X:/Xilinx/unified_workspace/resnet_hls/resblock/hls/.autopilot/db/a.g.ld.4.m2.bc.llvm-link.out.log 2> X:/Xilinx/unified_workspace/resnet_hls/resblock/hls/.autopilot/db/a.g.ld.4.m2.bc.llvm-link.err.log
Execute       run_link_or_opt -opt -out X:/Xilinx/unified_workspace/resnet_hls/resblock/hls/.autopilot/db/a.g.ld.5.gdce.bc -args X:/Xilinx/unified_workspace/resnet_hls/resblock/hls/.autopilot/db/a.g.ld.4.m2.bc -reflow-globaldce -hls-top-function-name=resblock 
INFO-FLOW: run_clang exec: X:/Xilinx/Vitis/2024.2/win64/tools/clang-3.9-csynth/bin/opt -pass-remarks-missed=reflow|pasta|unroll|inline -pass-remarks=reflow|pasta|unroll|inline -pass-remarks-output=X:/Xilinx/unified_workspace/resnet_hls/resblock/hls/.autopilot/db/a.g.ld.5.gdce.bc.opt.diag.yml X:/Xilinx/unified_workspace/resnet_hls/resblock/hls/.autopilot/db/a.g.ld.4.m2.bc -reflow-globaldce -hls-top-function-name=resblock -o X:/Xilinx/unified_workspace/resnet_hls/resblock/hls/.autopilot/db/a.g.ld.5.gdce.bc > X:/Xilinx/unified_workspace/resnet_hls/resblock/hls/.autopilot/db/a.g.ld.5.gdce.bc.opt.out.log 2> X:/Xilinx/unified_workspace/resnet_hls/resblock/hls/.autopilot/db/a.g.ld.5.gdce.bc.opt.err.log
INFO-FLOW: Running: gen_design_size_report post-opt
INFO-FLOW: Done: gen_design_size_report post-opt time: 0 seconds per iteration
Execute       send_msg_by_id INFO @200-777@%s Vivado 
INFO: [HLS 200-777] Using interface defaults for 'Vivado' flow target.
Execute       is_m_axi_addr64 
INFO-FLOW: Doing LTO.
INFO-FLOW: run_clang (background poll_ms 5000) exec: X:/Xilinx/Vitis/2024.2/win64/tools/clang-3.9-csynth/bin/clang -foptimization-record-file=X:/Xilinx/unified_workspace/resnet_hls/resblock/hls/.autopilot/db/a.g.ld.0.bc.clang.reflow.diag.yml -mllvm -pass-remarks-missed=reflow|pasta|unroll|inline -mllvm -pass-remarks=reflow|pasta|unroll|inline -fhls -mllvm -hls-top-function-name=resblock -mllvm -hls-db-dir -mllvm X:/Xilinx/unified_workspace/resnet_hls/resblock/hls/.autopilot/db -emit-llvm -c -target fpga64-xilinx-none -mllvm -xcl-xmlinfo=X:/Xilinx/unified_workspace/resnet_hls/resblock/hls/.autopilot/db/kernel.internal.xml -mllvm -top-io-mapping-info=X:/Xilinx/unified_workspace/resnet_hls/resblock/hls/.autopilot/db/top-io-fe.xml -mllvm -hls-bitcode-version=3.1 -mllvm -reflow-enable-slave-interface-default-setting=true -mllvm -gen-kernel-xml=false -mllvm -default-maxi-offset=slave -mllvm -maxi-latency=0 -mllvm -hls-maxi-data-size-in-bits=8 -mllvm -hls-maxi-max-data-size-in-bits=1024 -mllvm -hls-max-widen-size-in-bits=0 -mllvm -xcl-kernel-max-mem-ports=0 -mllvm -maxi-read-trans=16 -mllvm -maxi-write-trans=16 -mllvm -maxi-read-burst-len=16 -mllvm -maxi-write-burst-len=16 -mllvm -reflow-enable-saxi-64bits=0 -mllvm -reflow-basic-block-instr-threshold=200000 -mllvm -reflow-auto-pipeline-threshold=64 -mllvm -reflow-enable-maxi-auto-id-channel=0 -mllvm -reflow-bdd-simplify-threshold=1048576 -mllvm -reflow-fanout-threshold=16 -mllvm -reflow-complete-threshold=4 -mllvm -reflow-array-promotion-threshold=64 -mllvm -assume-maxi-align=1 -mllvm -reflow-enable-dataflow-strict-mode-checking=1 -ftime-report -mllvm -time-passes -mllvm -reflow-auto-array-partition-mode=default -mllvm -reflow-enable-auto-small-array-partition=true -mllvm -reflow-enable-auto-array-promotion=true -mllvm -reflow-enable-auto-array-partition-for-flatten=true -mllvm -reflow-enable-auto-parallel-performance-driven=true -mllvm -reflow-enable-partition-for-automation=true -mllvm -reflow-aggregate-bitwidth-threshold=4096 -mllvm -reflow-reserved-saxilite-registers=0 -mllvm -enable-reflow-auto-loop-pipeline -mllvm -reflow-max-unroll-threshold=409600 -mllvm -auto-unroll-tripcount-threshold=0 -mllvm -reflow-assume-no-address-wrap=true -mllvm -reflow-enable-occurrence-inference=true -mllvm -reflow-emit-hint-scope=true -mllvm -reflow-enable-codegen-with-if=true -mllvm -reflow-enable-dataflow-canon=true -mllvm -reflow-enable-dataflow-canon2=true -mllvm -hls -mllvm -disable-inlined-alloca-merging=true -mllvm -default-clock-period=10 -mllvm -use_read_first_ram_in_loop=1 -mllvm -default-clock-uncertainty=2.7 -x ir X:/Xilinx/unified_workspace/resnet_hls/resblock/hls/.autopilot/db/a.g.ld.5.gdce.bc -o X:/Xilinx/unified_workspace/resnet_hls/resblock/hls/.autopilot/db/a.g.lto.bc {-hls-platform-db-name=X:/Xilinx/Vitis/2024.2\common/technology\xilinx/common/platform.db} -hls-platform-name=virtexuplus_medium -device-resource-info=BRAM_4320.000000_DSP_6840.000000_FF_2364480.000000_LUT_1182240.000000_SLICE_147780.000000_SLR_3.000000_URAM_960.000000 -device-name-info=xcvu9p-flga2104-2-e 2> X:/Xilinx/unified_workspace/resnet_hls/resblock/hls/.autopilot/db/a.g.ld.0.bc.clang.reflow.err.log bg_poll_cmd: ::AP::poll_clang_39_closed_source
Execute       send_msg_by_id INFO @200-1995@%s%s%s 45 Compile/Link X:/Xilinx/unified_workspace/resnet_hls/resblock/hls/syn/report/csynth_design_size.rpt 
INFO: [HLS 200-1995] There were 45 instructions in the design after the 'Compile/Link' phase of compilation. See the Design Size Report for more details: X:/Xilinx/unified_workspace/resnet_hls/resblock/hls/syn/report/csynth_design_size.rpt
Execute       send_msg_by_id INFO @200-1995@%s%s%s 31 Unroll/Inline (step 1) X:/Xilinx/unified_workspace/resnet_hls/resblock/hls/syn/report/csynth_design_size.rpt 
INFO: [HLS 200-1995] There were 31 instructions in the design after the 'Unroll/Inline (step 1)' phase of compilation. See the Design Size Report for more details: X:/Xilinx/unified_workspace/resnet_hls/resblock/hls/syn/report/csynth_design_size.rpt
Execute       send_msg_by_id INFO @200-1995@%s%s%s 26 Unroll/Inline (step 2) X:/Xilinx/unified_workspace/resnet_hls/resblock/hls/syn/report/csynth_design_size.rpt 
INFO: [HLS 200-1995] There were 26 instructions in the design after the 'Unroll/Inline (step 2)' phase of compilation. See the Design Size Report for more details: X:/Xilinx/unified_workspace/resnet_hls/resblock/hls/syn/report/csynth_design_size.rpt
Execute       send_msg_by_id INFO @200-1995@%s%s%s 25 Unroll/Inline (step 3) X:/Xilinx/unified_workspace/resnet_hls/resblock/hls/syn/report/csynth_design_size.rpt 
INFO: [HLS 200-1995] There were 25 instructions in the design after the 'Unroll/Inline (step 3)' phase of compilation. See the Design Size Report for more details: X:/Xilinx/unified_workspace/resnet_hls/resblock/hls/syn/report/csynth_design_size.rpt
Execute       send_msg_by_id INFO @200-1995@%s%s%s 25 Unroll/Inline (step 4) X:/Xilinx/unified_workspace/resnet_hls/resblock/hls/syn/report/csynth_design_size.rpt 
INFO: [HLS 200-1995] There were 25 instructions in the design after the 'Unroll/Inline (step 4)' phase of compilation. See the Design Size Report for more details: X:/Xilinx/unified_workspace/resnet_hls/resblock/hls/syn/report/csynth_design_size.rpt
Execute       send_msg_by_id INFO @200-1995@%s%s%s 27 Array/Struct (step 1) X:/Xilinx/unified_workspace/resnet_hls/resblock/hls/syn/report/csynth_design_size.rpt 
INFO: [HLS 200-1995] There were 27 instructions in the design after the 'Array/Struct (step 1)' phase of compilation. See the Design Size Report for more details: X:/Xilinx/unified_workspace/resnet_hls/resblock/hls/syn/report/csynth_design_size.rpt
Execute       send_msg_by_id INFO @200-1995@%s%s%s 27 Array/Struct (step 2) X:/Xilinx/unified_workspace/resnet_hls/resblock/hls/syn/report/csynth_design_size.rpt 
INFO: [HLS 200-1995] There were 27 instructions in the design after the 'Array/Struct (step 2)' phase of compilation. See the Design Size Report for more details: X:/Xilinx/unified_workspace/resnet_hls/resblock/hls/syn/report/csynth_design_size.rpt
Execute       send_msg_by_id INFO @200-1995@%s%s%s 27 Array/Struct (step 3) X:/Xilinx/unified_workspace/resnet_hls/resblock/hls/syn/report/csynth_design_size.rpt 
INFO: [HLS 200-1995] There were 27 instructions in the design after the 'Array/Struct (step 3)' phase of compilation. See the Design Size Report for more details: X:/Xilinx/unified_workspace/resnet_hls/resblock/hls/syn/report/csynth_design_size.rpt
Execute       send_msg_by_id INFO @200-1995@%s%s%s 27 Array/Struct (step 4) X:/Xilinx/unified_workspace/resnet_hls/resblock/hls/syn/report/csynth_design_size.rpt 
INFO: [HLS 200-1995] There were 27 instructions in the design after the 'Array/Struct (step 4)' phase of compilation. See the Design Size Report for more details: X:/Xilinx/unified_workspace/resnet_hls/resblock/hls/syn/report/csynth_design_size.rpt
Execute       send_msg_by_id INFO @200-1995@%s%s%s 35 Array/Struct (step 5) X:/Xilinx/unified_workspace/resnet_hls/resblock/hls/syn/report/csynth_design_size.rpt 
INFO: [HLS 200-1995] There were 35 instructions in the design after the 'Array/Struct (step 5)' phase of compilation. See the Design Size Report for more details: X:/Xilinx/unified_workspace/resnet_hls/resblock/hls/syn/report/csynth_design_size.rpt
Execute       send_msg_by_id INFO @200-1995@%s%s%s 35 Performance (step 1) X:/Xilinx/unified_workspace/resnet_hls/resblock/hls/syn/report/csynth_design_size.rpt 
INFO: [HLS 200-1995] There were 35 instructions in the design after the 'Performance (step 1)' phase of compilation. See the Design Size Report for more details: X:/Xilinx/unified_workspace/resnet_hls/resblock/hls/syn/report/csynth_design_size.rpt
Execute       send_msg_by_id INFO @200-1995@%s%s%s 35 Performance (step 2) X:/Xilinx/unified_workspace/resnet_hls/resblock/hls/syn/report/csynth_design_size.rpt 
INFO: [HLS 200-1995] There were 35 instructions in the design after the 'Performance (step 2)' phase of compilation. See the Design Size Report for more details: X:/Xilinx/unified_workspace/resnet_hls/resblock/hls/syn/report/csynth_design_size.rpt
Execute       send_msg_by_id INFO @200-1995@%s%s%s 35 Performance (step 3) X:/Xilinx/unified_workspace/resnet_hls/resblock/hls/syn/report/csynth_design_size.rpt 
INFO: [HLS 200-1995] There were 35 instructions in the design after the 'Performance (step 3)' phase of compilation. See the Design Size Report for more details: X:/Xilinx/unified_workspace/resnet_hls/resblock/hls/syn/report/csynth_design_size.rpt
Execute       send_msg_by_id INFO @200-1995@%s%s%s 35 Performance (step 4) X:/Xilinx/unified_workspace/resnet_hls/resblock/hls/syn/report/csynth_design_size.rpt 
INFO: [HLS 200-1995] There were 35 instructions in the design after the 'Performance (step 4)' phase of compilation. See the Design Size Report for more details: X:/Xilinx/unified_workspace/resnet_hls/resblock/hls/syn/report/csynth_design_size.rpt
Execute       send_msg_by_id INFO @200-1995@%s%s%s 37 HW Transforms (step 1) X:/Xilinx/unified_workspace/resnet_hls/resblock/hls/syn/report/csynth_design_size.rpt 
INFO: [HLS 200-1995] There were 37 instructions in the design after the 'HW Transforms (step 1)' phase of compilation. See the Design Size Report for more details: X:/Xilinx/unified_workspace/resnet_hls/resblock/hls/syn/report/csynth_design_size.rpt
Execute       send_msg_by_id INFO @200-1995@%s%s%s 43 HW Transforms (step 2) X:/Xilinx/unified_workspace/resnet_hls/resblock/hls/syn/report/csynth_design_size.rpt 
INFO: [HLS 200-1995] There were 43 instructions in the design after the 'HW Transforms (step 2)' phase of compilation. See the Design Size Report for more details: X:/Xilinx/unified_workspace/resnet_hls/resblock/hls/syn/report/csynth_design_size.rpt
INFO: [HLS 214-115] Multiple burst reads of length 200704 and bit width 32 in loop 'VITIS_LOOP_15_1'(X:/Xilinx/workspace/resblock_hls/src/resblock.cpp:15:19) has been inferred on bundle 'gmem'. These burst requests might be further partitioned into multiple requests during RTL generation, based on max_read_burst_length or max_write_burst_length settings. (X:/Xilinx/workspace/resblock_hls/src/resblock.cpp:15:19)
INFO: [HLS 214-115] Multiple burst writes of length 200704 and bit width 32 in loop 'VITIS_LOOP_15_1'(X:/Xilinx/workspace/resblock_hls/src/resblock.cpp:15:19) has been inferred on bundle 'gmem'. These burst requests might be further partitioned into multiple requests during RTL generation, based on max_read_burst_length or max_write_burst_length settings. (X:/Xilinx/workspace/resblock_hls/src/resblock.cpp:15:19)
INFO-FLOW: DBG:PUTS: copy_raw_kernel_xml ap_link_39: kernel.xml not generated: X:/Xilinx/unified_workspace/resnet_hls/resblock/hls/.autopilot/db/kernel.internal.xml
INFO: [HLS 200-111] Finished Compiling Optimization and Transform: CPU user time: 0 seconds. CPU system time: 0 seconds. Elapsed time: 8 seconds; current allocated memory: 270.562 MB.
INFO: [HLS 200-111] Finished Checking Pragmas: CPU user time: 0 seconds. CPU system time: 0 seconds. Elapsed time: 0.001 seconds; current allocated memory: 270.562 MB.
Execute       opt_and_import_c a -opt_level=2 -skip_syncheck=0 -ng=0 -keep_printf=0 
Execute         cleanup_all_models 
INFO: [HLS 200-10] Starting code transformations ...
INFO-FLOW: Running Standard Transforms...
Execute         transform -hls -share-std-xform -demangle-name -inline-byval-memcpy -always-inline -promote-dbg-pointer -interface-preproc -mem2reg -scalarrepl -mem2reg -keep-read-access -instcombine -dce -promote-dbg-pointer -bitop-raise -loop-simplify -indvarspre -indvars -loop-simplify -constprop -instcombine -simplifycfg -indvars -simplifycfg -dce -globaldce -basicaa -simplifycfg -mem2reg -globalopt -global-constprop -deadargelim -instcombine -simplifycfg -scalarrepl -instcombine -reassociate -licm -simplifycfg -loop-simplify -indvars -instcombine -simplifycfg -mem2reg -loop-simplify -indvars -instcombine -gvn -gvn -instcombine -adce -break-crit-edges -simplifycfg -loop-delete -global-array-opt -dce -dse -adce -find-syn-modules -top resblock -deadargelim -mem2reg -instcombine -dce -presyn-prepare -interface-preproc -syn-check -check-rec-only -find-region -simplifycfg -func-extr -function-inline -globaldce -mem2reg -instcombine -dce -gvn -globaldce -adce -adse -constprop -instcombine -bit-constprop -instcombine -dce -simplifycfg -bitop-raise -simplifycfg -dce -loop-delete -reassociate -globalopt -global-privatize -mem2reg -dce -global-constprop -pointer-simplify -constprop -dce -promote-dbg-pointer -norm-name X:/Xilinx/unified_workspace/resnet_hls/resblock/hls/.autopilot/db/a.g.0.bc -o X:/Xilinx/unified_workspace/resnet_hls/resblock/hls/.autopilot/db/a.g.1.bc -f -phase std-opt 
INFO: [HLS 200-111] Finished Standard Transforms: CPU user time: 0 seconds. CPU system time: 0 seconds. Elapsed time: 0.056 seconds; current allocated memory: 274.504 MB.
INFO: [HLS 200-10] Checking synthesizability ...
INFO-FLOW: Checking Synthesizability 1/2..
Execute         transform -hls -syn-check -check-rec-only -scalarrepl -norm-name -dce -mem2reg -instcombine -directive-preproc -mem2reg -dse -dce -dce -pag -array-normalize -instcombine -dce -array-seg-normalize -instcombine -dce -data-pack -instcombine -dce -inst-simplify -array-flatten -instcombine -dce -array-burst -dce -deadargelim -promote-global-argument -simplifycfg -mem2reg -globaldce -dce -deadargelim -dce -instcombine -function-inline -globaldce -dce -doublePtrSimplify -doublePtrElim -dce -doublePtrSimplify -promote-dbg-pointer -dce -scalarrepl -dse -adse -instcombine -ptrLegalization -simplifycfg -dce -instcombine -pointer-simplify -ptrArgReplace -dce -instcombine -resolve-double-ptr -scalarrepl -norm-name -dce -mem2reg -instcombine -ptrLegalization -simplifycfg -deadargelim -instcombine -dce -inst-simplify -directive-preproc -mem2reg -dse -dce -globaldce X:/Xilinx/unified_workspace/resnet_hls/resblock/hls/.autopilot/db/a.g.1.bc -o X:/Xilinx/unified_workspace/resnet_hls/resblock/hls/.autopilot/db/a.g.2.prechk.bc -f 
INFO-FLOW: Checking Synthesizability 2/2..
Execute         transform -syn-check X:/Xilinx/unified_workspace/resnet_hls/resblock/hls/.autopilot/db/a.g.2.prechk.bc -o X:/Xilinx/unified_workspace/resnet_hls/resblock/hls/.autopilot/db/a.g.2.bc -f -phase syn-check 
INFO: [HLS 200-111] Finished Checking Synthesizability: CPU user time: 0 seconds. CPU system time: 0 seconds. Elapsed time: 0.025 seconds; current allocated memory: 275.703 MB.
INFO-FLOW: Compiler optimizing ...
INFO-FLOW: Share syncheck's 1.bc for syn flow: copy X:/Xilinx/unified_workspace/resnet_hls/resblock/hls/.autopilot/db/a.g.1.bc to X:/Xilinx/unified_workspace/resnet_hls/resblock/hls/.autopilot/db/a.o.1.bc
INFO-FLOW: Presyn 1...
Execute         transform -hls -tmp X:/Xilinx/unified_workspace/resnet_hls/resblock/hls/.autopilot/db -interface-port-rename -directive-preproc -mem2reg -dse -dce -scalarrepl -norm-name -deadargelim -dce -hls-dead-arg-elim -deadargelim -mem2reg -instcombine -dce -simplifycfg -dce -resource-proc -clib-intrinsic-prepare -dce -func-buffer -dce -pag -array-normalize -func-legal -instcombine -gvn -constprop -dce -simplifycfg -mem2reg -globaldce -resolve-double-ptr -dce -deadargelim -dce -instcombine -ptrArgReplace -mem2reg -dce -array-seg-normalize -deadargelim -instcombine -dce -directive-preproc -mem2reg -dse -dce -pointer-simplify -dce -port-alignment -dce -interface-preproc -data-pack -instcombine -dce -basicaa -aggr-aa -aggrmodref-aa -aggr-aa -gvn -gvn -basicaa -aggr-aa -aggrmodref-aa -aggr-aa -dse -adse -adce -loop-simplify -indvars -instcombine -gvn -loop-simplify -mem2reg -dce -find-region -instcombine -inst-simplify -interface-preproc -cfgopt -instcombine -indvars -loop-simplify -loop-bound -constprop -instcombine -simplifycfg -indvars -simplifycfg -dce -globaldce -clean-region -attach-range -gvn -inst-simplify -constprop -simplifycfg -dce -pointer-simplify -dce -globalopt -constprop -dce -ptrArgReplace -mem2reg -simplifycfg -dce -instcombine -dce -array-transform-check -array-reshape -instcombine -simplifycfg -dce -ptrArgReplace -deadargelim -mem2reg -instcombine -simplifycfg -dce -indvars -loop-simplify -loop-bound -constprop -instcombine -simplifycfg -indvars -simplifycfg -dce -globaldce -basicaa -aggr-aa -aggrmodref-aa -aggr-aa -dse -duplicate-dataflow-processes -globaldce -instcombine -array-partition -prepare-dynamic-array-partition -instcombine -simplifycfg -dce -ptrArgReplace -global-constprop -deadargelim -mem2reg -func-legal -dce -global-constprop -deadargelim -mem2reg -simplifycfg -dce -merge-param -deadargelim -globalopt -constprop -dce -ptrArgReplace -mem2reg -simplifycfg -dce -mem-intrinsic-preproc -dce -global-internalize -global-privatize -mem2reg -globaldce -lcssa -loop-simplify -phi-select-elim -promote-global-argument -ptrArgReplace -mem2reg -dce -globalopt -mergereturn -simplify-global-access -mem2reg -dce -pointer-simplify -dce -basicaa -aggr-aa -aggrmodref-aa -aggr-aa -functionattrs -basicaa -aggr-aa -aggrmodref-aa -aggr-aa -gvn -gvn -basicaa -aggr-aa -aggrmodref-aa -aggr-aa -dse -adse -adce -dce -norm-name -basicaa -aggr-aa -aggrmodref-aa -aggr-aa -accesses-merge -function-inline -complex-op-raise -inst-simplify -globaldce -func-legal -dce -loop-bound -arraycheck -bitwidthmin2 -bitwidthmin2 -on-by-dataflow -loop-delete -instcombine -simplifycfg -globaldce -dce -gvn -deadargelim -dce -loop-simplify -clean-region -simplifycfg -propagate-stable-arguments -instcombine -simplifycfg -dce -globaldce -duplicate-dataflow-processes -stream-intrinsic-preproc -dce -check-ap-stream -loop-simplify -eliminate-keepreads -extract-dataflow-in-loop -loop-simplify -dce -gvn -deadargelim -dse -duplicate-dataflow-processes -check-dataflow-syntax -legalize-stream-variable -globaldce -legalize-global -extract-subproc -dce -dead-channel-elimination -canonicalize-gep -globaldce -dce -gvn -hls-dead-arg-elim -deadargelim -directive-preproc -canonicalize-dataflow -dce -globaldce -scalar-preprocessing -scalar-propagation2 -scalar-stream -deadargelim -globaldce -mem2reg -check-dataflow-channels -function-stream -dce -globaldce -prop-fifo-spec -internal-stream-gen -canonicalize-gep -globaldce -dce -gvn -deadargelim -mergereturn -indvars -loop-simplify -instcombine -array-stream -array-seg-normalize -array-partition -clean-array-spec -func-legal -instcombine -simplifycfg -dce -bundle-memfifo-ops -deadargelim -directive-preproc -mem2reg -dse -dce -group-axi-access -licm -simplifycfg -dce -loop-delete -hls-display -norm-name X:/Xilinx/unified_workspace/resnet_hls/resblock/hls/.autopilot/db/a.o.1.bc -o X:/Xilinx/unified_workspace/resnet_hls/resblock/hls/.autopilot/db/a.o.1.tmp.bc -f 
INFO-FLOW: Presyn 2...
Execute         transform -hls -keep-callgraph -scalarrepl -mem2reg -port-alignment -attach-range -dce -pipe-mux-gen -indvars -loop-bound -inst-simplify -instcombine -dce -merge-array-access -mem2reg -dce -clean-region -mergereturn -if-conv -instcombine -dce -constprop -basicaa -aggr-aa -aggrmodref-aa -aggr-aa -gvn -gvn -basicaa -aggr-aa -aggrmodref-aa -aggr-aa -dse -adse -adce -scalarrepl -mem2reg -global-constprop -deadargelim -deadargelim -instcombine -dce -simplifycfg -ptrArgReplace -mem2reg -function-inline -globaldce -mem2reg -instcombine -dce -expr-balance -instcombine -dce -bitwidthmin2 -bitwidthmin2 -interface-preproc -directive-preproc -inst-rectify -instcombine -dce -basicaa -aggr-aa -aggrmodref-aa -aggr-aa -functionattrs -constprop -instcombine -bit-constprop -simplify-global-access -globalopt -globaldce -inst-simplify -instcombine -elimdeaddata -dce -loop-delete -simplifycfg -loop-simplify -barrier -norm-name X:/Xilinx/unified_workspace/resnet_hls/resblock/hls/.autopilot/db/a.o.1.tmp.bc -o X:/Xilinx/unified_workspace/resnet_hls/resblock/hls/.autopilot/db/a.o.2.bc -f -phase presyn 
INFO: [HLS 200-111] Finished Loop, function and other optimizations: CPU user time: 0 seconds. CPU system time: 0 seconds. Elapsed time: 0.049 seconds; current allocated memory: 296.027 MB.
Execute         transform -hls -auto-function-inline -globaldce -ptrArgReplace -mem2reg -dce -reset-lda -loop-simplify -indvars -aggr-aa -licm -loop-dep -loop-bound -licm -loop-simplify -loop-sink-hoist -flattenloopnest -array-flatten -gvn -instcombine -dce -array-map -dce -func-legal -gvn -adce -instcombine -cfgopt -simplifycfg-lite -loop-simplify -array-burst -promote-global-argument -dce -array-seg-normalize -basicaa -aggrmodref-aa -globalsmodref-aa -aggr-aa -gvn -gvn -basicaa -aggrmodref-aa -globalsmodref-aa -aggr-aa -dse -adse -adce -licm -inst-simplify -dce -globaldce -instcombine -array-stream -eliminate-keepreads -instcombine -dce -deadargelim -doublePtrSimplify -doublePtrElim -dce -doublePtrSimplify -promote-dbg-pointer -dce -scalarrepl -mem2reg -norm-name -mem2reg -instcombine -dse -adse -adce -ptrLegalization -dce -array-flatten -dce -instcombine -check-doubleptr -loop-rot -constprop -inst-simplify -cfgopt -simplifycfg-lite -loop-simplify -indvars -pointer-simplify -dce -loop-bound -loop-simplify -loop-preproc -constprop -global-constprop -gvn -mem2reg -instcombine -dce -loop-bound -loop-merge -dce -deadargelim -dce -canonicalize-dataflow -dce -deadargelim -globaldce -mem2reg -bram-byte-enable -inst-simplify -inst-rectify -instcombine -adce -deadargelim -load-elim -read-loop-dep -loop-simplify -loop-rewind-sink-hoist -loop-outline -hls-dead-arg-elim -directive-preproc -bitwidthmin2 -bitwidthmin2 -read-loop-dep -interface-preproc -directive-preproc -interface-gen -bram-byte-enable-spec-prop -mul2addshift -deadargelim -inst-simplify -dce -mem2reg -instcombine -gvn -dce -adse -loop-bound -instcombine -cfgopt -simplifycfg-lite -loop-simplify -clean-region -io-protocol -find-region -mem2reg -bitop-raise -complex-op-raise -inst-simplify -inst-rectify -instcombine -adce -deadargelim -float-op-raise -loop-simplify -phi-opt -bitop-raise -cfgopt -simplifycfg-lite -strip-dead-prototypes -interface-lower -bitop-lower -intrinsic-lower -auto-function-inline -basicaa -aggrmodref-aa -globalsmodref-aa -aggr-aa -inst-simplify -simplifycfg-lite -loop-simplify -mergereturn -inst-simplify -inst-rectify -globaldce -dce -load-elim -bitop-lower -float-op-raise -fma-raise -loop-rewind -pointer-simplify -dce -cfgopt -dce -loop-bound -loop-dep -read-loop-dep -dce -dyn-mem-reuse -dce -recurrence-min -dce -share-scalar-alloca -deadargelim -dce -check-stream -norm-name -legalize -inst-clarity -bitwidth -dce -validate-dataflow -dump-loop-dep-to-ir -check-all-ssdm -dump-complexity-metric X:/Xilinx/unified_workspace/resnet_hls/resblock/hls/.autopilot/db/a.o.2.bc -o X:/Xilinx/unified_workspace/resnet_hls/resblock/hls/.autopilot/db/a.o.3.bc -f -phase build-ssdm 
INFO: [XFORM 203-541] Flattening a loop nest 'VITIS_LOOP_16_2' (X:/Xilinx/workspace/resblock_hls/src/resblock.cpp:16:26) in function 'resblock'.
INFO: [XFORM 203-541] Flattening a loop nest 'VITIS_LOOP_15_1' (X:/Xilinx/workspace/resblock_hls/src/resblock.cpp:15:19) in function 'resblock'.
Execute           auto_get_db
INFO-FLOW: Building ssdm...
Execute         transform -hls -cdfg-build X:/Xilinx/unified_workspace/resnet_hls/resblock/hls/.autopilot/db/a.o.3.bc -o X:/Xilinx/unified_workspace/resnet_hls/resblock/hls/.autopilot/db/a.o.3.bc -f -phase build-ssdm 
INFO: [HLS 200-111] Finished Architecture Synthesis: CPU user time: 0 seconds. CPU system time: 0 seconds. Elapsed time: 0.067 seconds; current allocated memory: 296.043 MB.
INFO-FLOW: Finish building internal data model.
Command       opt_and_import_c done; 0.2 sec.
Command     elaborate done; 11.205 sec.
Execute     ap_eval exec zip -j X:/Xilinx/unified_workspace/resnet_hls/resblock/hls/.autopilot/db/dut.hcp $dbDir/a.o.3.bc $dbDir/${topname}.rtl_wrap.cfg.tcl $dbDir/apatb_${topname}.cpp $dbDir/apatb_${topname}_util.cpp $dbDir/apatb_${topname}_ir.ll $dbDir/mapper_${topname}.cpp $dbDir/top-io-fe.xml $dbDir/kernel.internal.xml $workdir/../hls.app 
Command     ap_eval done; 0.242 sec.
Execute     autosyn -from_csynth_design=1 
INFO: [HLS 200-10] Starting hardware synthesis ...
INFO-FLOW: Synthesizing C/C++ design ...
INFO: [HLS 200-10] Synthesizing 'resblock' ...
Execute       ap_set_top_model resblock 
Execute       get_model_list resblock -filter all-wo-channel -topdown 
Execute       preproc_iomode -model resblock 
Execute       get_model_list resblock -filter all-wo-channel 
INFO-FLOW: Model list for configure: resblock
INFO-FLOW: Configuring Module : resblock ...
Execute       set_default_model resblock 
Execute       apply_spec_resource_limit resblock 
INFO-FLOW: Model list for preprocess: resblock
INFO-FLOW: Preprocessing Module: resblock ...
Execute       set_default_model resblock 
Execute       cdfg_preprocess -model resblock 
Execute       rtl_gen_preprocess resblock 
INFO-FLOW: Model list for synthesis: resblock
INFO: [HLS 200-10] ----------------------------------------------------------------
INFO: [HLS 200-42] -- Implementing module 'resblock' 
INFO: [HLS 200-10] ----------------------------------------------------------------
Execute       set_default_model resblock 
Execute       schedule -model resblock 
INFO: [SCHED 204-11] Starting scheduling ...
INFO: [SCHED 204-61] Pipelining loop 'VITIS_LOOP_15_1_VITIS_LOOP_16_2_VITIS_LOOP_17_3'.
INFO: [HLS 200-876] Unable to schedule the whole 8 cycles bus request operation ('empty', X:/Xilinx/workspace/resblock_hls/src/resblock.cpp:15) on port 'gmem' (X:/Xilinx/workspace/resblock_hls/src/resblock.cpp:15) within the first cycle (II = 1). Simulation mismatch may occur if the input data is modified before this operation completes.
INFO: [HLS 200-1470] Pipelining result : Target II = 1, Final II = 1, Depth = 16, loop 'VITIS_LOOP_15_1_VITIS_LOOP_16_2_VITIS_LOOP_17_3'
INFO: [SCHED 204-11] Finished scheduling.
INFO: [HLS 200-111] Finished Scheduling: CPU user time: 0 seconds. CPU system time: 0 seconds. Elapsed time: 0.403 seconds; current allocated memory: 296.043 MB.
Execute       syn_report -verbosereport -o X:/Xilinx/unified_workspace/resnet_hls/resblock/hls/.autopilot/db/resblock.verbose.sched.rpt 
Execute         list_part -family xcvu9p-flga2104-2-e 
Execute           ap_family_info -name xcvu9p-flga2104-2-e -data names 
Execute           ap_part_info -quiet -name xcvu9p-flga2104-2-e -data family 
Execute       db_write -o X:/Xilinx/unified_workspace/resnet_hls/resblock/hls/.autopilot/db/resblock.sched.adb -f 
INFO-FLOW: Finish scheduling resblock.
Execute       set_default_model resblock 
Execute       bind -model resblock 
INFO: [BIND 205-100] Starting micro-architecture generation ...
INFO: [BIND 205-101] Performing variable lifetime analysis.
INFO: [BIND 205-101] Exploring resource sharing.
INFO: [BIND 205-101] Binding ...
INFO: [BIND 205-100] Finished micro-architecture generation.
INFO: [HLS 200-111] Finished Binding: CPU user time: 0 seconds. CPU system time: 0 seconds. Elapsed time: 0.053 seconds; current allocated memory: 296.043 MB.
Execute       syn_report -verbosereport -o X:/Xilinx/unified_workspace/resnet_hls/resblock/hls/.autopilot/db/resblock.verbose.bind.rpt 
Execute         list_part -family xcvu9p-flga2104-2-e 
Execute           ap_family_info -name xcvu9p-flga2104-2-e -data names 
Execute           ap_part_info -quiet -name xcvu9p-flga2104-2-e -data family 
Execute       db_write -o X:/Xilinx/unified_workspace/resnet_hls/resblock/hls/.autopilot/db/resblock.bind.adb -f 
INFO-FLOW: Finish binding resblock.
Execute       get_model_list resblock -filter all-wo-channel 
INFO-FLOW: Preprocessing for RTLGen ...
Execute       rtl_gen_preprocess resblock 
INFO-FLOW: Model list for RTL generation: resblock
INFO: [HLS 200-10] ----------------------------------------------------------------
INFO: [HLS 200-10] -- Generating RTL for module 'resblock' 
INFO: [HLS 200-10] ----------------------------------------------------------------
Execute       create_rtl_model resblock -top_prefix  -sub_prefix resblock_ -mg_file X:/Xilinx/unified_workspace/resnet_hls/resblock/hls/.autopilot/db/resblock.compgen.tcl 
WARNING: [RTGEN 206-101] Design contains AXI ports. Reset is fixed to synchronous and active low.
INFO: [RTGEN 206-500] Setting interface mode on port 'resblock/gmem' to 'm_axi'.
INFO: [RTGEN 206-500] Setting interface mode on port 'resblock/input_r' to 's_axilite & ap_none'.
INFO: [RTGEN 206-500] Setting interface mode on port 'resblock/output_r' to 's_axilite & ap_none'.
INFO: [RTGEN 206-500] Setting interface mode on function 'resblock' to 's_axilite & ap_ctrl_hs'.
INFO: [HLS 200-1030] Apply Unified Pipeline Control on module 'resblock' pipeline 'VITIS_LOOP_15_1_VITIS_LOOP_16_2_VITIS_LOOP_17_3' pipeline type 'loop pipeline'
INFO: [RTGEN 206-100] Bundling port 'return' to AXI-Lite port control.
INFO: [RTGEN 206-100] Bundling port 'input_r' and 'output_r' to AXI-Lite port control_r.
INFO: [RTGEN 206-100] Finished creating RTL model for 'resblock'.
Command       create_rtl_model done; 1.377 sec.
INFO: [HLS 200-111] Finished Creating RTL model: CPU user time: 0 seconds. CPU system time: 0 seconds. Elapsed time: 1.409 seconds; current allocated memory: 297.012 MB.
Execute       source X:/Xilinx/unified_workspace/resnet_hls/resblock/hls/.autopilot/db/resblock.rtl_wrap.cfg.tcl 
Execute       gen_rtl resblock -istop -style xilinx -f -lang vhdl -o X:/Xilinx/unified_workspace/resnet_hls/resblock/hls/syn/vhdl/resblock 
Execute       gen_rtl resblock -istop -style xilinx -f -lang vlog -o X:/Xilinx/unified_workspace/resnet_hls/resblock/hls/syn/verilog/resblock 
Execute       syn_report -csynth -model resblock -o X:/Xilinx/unified_workspace/resnet_hls/resblock/hls/syn/report/resblock_csynth.rpt 
Execute         list_part -family xcvu9p-flga2104-2-e 
Execute           ap_family_info -name xcvu9p-flga2104-2-e -data names 
Execute           ap_part_info -quiet -name xcvu9p-flga2104-2-e -data family 
Execute       syn_report -rtlxml -model resblock -o X:/Xilinx/unified_workspace/resnet_hls/resblock/hls/syn/report/resblock_csynth.xml 
Execute         list_part -family xcvu9p-flga2104-2-e 
Execute           ap_family_info -name xcvu9p-flga2104-2-e -data names 
Execute           ap_part_info -quiet -name xcvu9p-flga2104-2-e -data family 
Execute       syn_report -verbosereport -model resblock -o X:/Xilinx/unified_workspace/resnet_hls/resblock/hls/.autopilot/db/resblock.verbose.rpt 
Execute         list_part -family xcvu9p-flga2104-2-e 
Execute           ap_family_info -name xcvu9p-flga2104-2-e -data names 
Execute           ap_part_info -quiet -name xcvu9p-flga2104-2-e -data family 
Execute       db_write -model resblock -f -o X:/Xilinx/unified_workspace/resnet_hls/resblock/hls/.autopilot/db/resblock.adb 
Execute       db_write -model resblock -bindview -o X:/Xilinx/unified_workspace/resnet_hls/resblock/hls/.autopilot/db/design.bindinfo.xml 
Execute       gen_tb_info resblock -p X:/Xilinx/unified_workspace/resnet_hls/resblock/hls/.autopilot/db -o X:/Xilinx/unified_workspace/resnet_hls/resblock/hls/.autopilot/db/resblock 
Execute       export_constraint_db -f -tool general -o X:/Xilinx/unified_workspace/resnet_hls/resblock/hls/.autopilot/db/resblock.constraint.tcl 
Execute       syn_report -designview -model resblock -o X:/Xilinx/unified_workspace/resnet_hls/resblock/hls/.autopilot/db/resblock.design.xml 
Execute       syn_report -csynthDesign -model resblock -o X:/Xilinx/unified_workspace/resnet_hls/resblock/hls/syn/report/csynth.rpt -MHOut X:/Xilinx/unified_workspace/resnet_hls/resblock/hls/.autopilot/db/kernel_module_hierarchy.tcl 
Execute         list_part -family xcvu9p-flga2104-2-e 
Execute           ap_family_info -name xcvu9p-flga2104-2-e -data names 
Execute           ap_part_info -quiet -name xcvu9p-flga2104-2-e -data family 
Execute       syn_report -wcfg -model resblock -o X:/Xilinx/unified_workspace/resnet_hls/resblock/hls/.autopilot/db/resblock_dataflow_ana.wcfg 
Execute       syn_report -protoinst -model resblock -o X:/Xilinx/unified_workspace/resnet_hls/resblock/hls/.autopilot/db/resblock.protoinst 
Execute       sc_get_clocks resblock 
Execute       sc_get_portdomain resblock 
INFO-FLOW: Model list for RTL component generation: resblock
INFO-FLOW: Handling components in module [resblock] ... 
Execute       source X:/Xilinx/unified_workspace/resnet_hls/resblock/hls/.autopilot/db/resblock.compgen.tcl 
INFO-FLOW: Found component resblock_gmem_m_axi.
INFO-FLOW: Append model resblock_gmem_m_axi
INFO-FLOW: Found component resblock_control_s_axi.
INFO-FLOW: Append model resblock_control_s_axi
INFO-FLOW: Found component resblock_control_r_s_axi.
INFO-FLOW: Append model resblock_control_r_s_axi
INFO-FLOW: Found component resblock_flow_control_loop_pipe.
INFO-FLOW: Append model resblock_flow_control_loop_pipe
INFO-FLOW: Append model resblock
INFO-FLOW: Generating RTL model list ...
INFO-FLOW: All models in this session: resblock_gmem_m_axi resblock_control_s_axi resblock_control_r_s_axi resblock_flow_control_loop_pipe resblock
INFO-FLOW: Generating X:/Xilinx/unified_workspace/resnet_hls/resblock/hls/.autopilot/db/autopilot.rtl.models.txt file...
INFO-FLOW: To file: write model resblock_gmem_m_axi
INFO-FLOW: To file: write model resblock_control_s_axi
INFO-FLOW: To file: write model resblock_control_r_s_axi
INFO-FLOW: To file: write model resblock_flow_control_loop_pipe
INFO-FLOW: To file: write model resblock
INFO-FLOW: Generating X:/Xilinx/unified_workspace/resnet_hls/resblock/hls/.autopilot/db/autopilot.rtl.models.tcl file...
INFO-FLOW: Finished generating RTL model list.


INFO-FLOW: RTL Generation done.
INFO-FLOW: CAS Generation done.
INFO-FLOW: CBC Generation done.
INFO-FLOW: DBG:PROC: ::AESL_AUTOMG::auto_generate_csynth_design
INFO-FLOW: DBG:PUTS: read_platform_lib X:/Xilinx/unified_workspace/resnet_hls/resblock/hls/.autopilot/db/global.setting.tcl
Execute       source X:/Xilinx/Vitis/2024.2/common/technology/generic/autopilot/common.gen 
Execute         source X:/Xilinx/Vitis/2024.2/common/technology/generic/autopilot/APCoreGen.gen 
Execute       source X:/Xilinx/Vitis/2024.2/common/technology/generic/autopilot/op.gen 
Execute       source X:/Xilinx/Vitis/2024.2/common/technology/generic/autopilot/op_simcore.gen 
Execute       source X:/Xilinx/Vitis/2024.2/common/technology/generic/autopilot/interface.gen 
Execute       source X:/Xilinx/unified_workspace/resnet_hls/resblock/hls/.autopilot/db/global.setting.tcl 
Execute       source X:/Xilinx/Vitis/2024.2/common/technology/xilinx/common/xilinx.gen 
Execute         source X:/Xilinx/Vitis/2024.2/common/technology/xilinx/interface/plb46.gen 
Execute         source X:/Xilinx/Vitis/2024.2/common/technology/xilinx/interface/axi4.gen 
Execute         source X:/Xilinx/Vitis/2024.2/common/technology/xilinx/interface/nativeAXI4.gen 
Execute           source X:/Xilinx/Vitis/2024.2/common/technology/xilinx/interface/saxilite.gen 
Execute         source X:/Xilinx/Vitis/2024.2/common/technology/xilinx/scripts/xilinxcoregen.gen 
Execute         source X:/Xilinx/Vitis/2024.2/common/technology/xilinx/interface/XilEDKCoreGen.gen 
Execute         source X:/Xilinx/Vitis/2024.2/common/technology/xilinx/ip/dds_compiler.gen 
Execute         source X:/Xilinx/Vitis/2024.2/common/technology/xilinx/ip/util.gen 
Execute         source X:/Xilinx/Vitis/2024.2/common/technology/xilinx/ip/xfft.gen 
Execute         source X:/Xilinx/Vitis/2024.2/common/technology/xilinx/ip/xfir.gen 
Execute         source X:/Xilinx/Vitis/2024.2/common/technology/xilinx/DSP48/dsp48.gen 
INFO-FLOW: DBG:PUTS:   using AESL_AUTOCG::g_clock_period=10.000 (was NA)
INFO-FLOW: DBG:PROC: ::AESL_AUTOMG::generate_ip_cores gen_sim_model='1' gen_fp_models='0' gen_for_export='0' dstSCDir='' dstVhdlDir='X:/Xilinx/unified_workspace/resnet_hls/resblock/hls/.autopilot/db/vhdl' dstVlogDir='X:/Xilinx/unified_workspace/resnet_hls/resblock/hls/.autopilot/db/vlog' tclDir='X:/Xilinx/unified_workspace/resnet_hls/resblock/hls/.autopilot/db' modelList='resblock_gmem_m_axi
resblock_control_s_axi
resblock_control_r_s_axi
resblock_flow_control_loop_pipe
resblock
' expOnly='0'
Execute       source X:/Xilinx/unified_workspace/resnet_hls/resblock/hls/.autopilot/db/global.setting.tcl 
Execute       ap_part_info -name xcvu9p-flga2104-2-e -data names -quiet 
Execute       ap_part_info -name xcvu9p-flga2104-2-e -data info -quiet 
Execute       source X:/Xilinx/unified_workspace/resnet_hls/resblock/hls/.autopilot/db/global.setting.tcl 
Execute       source X:/Xilinx/unified_workspace/resnet_hls/resblock/hls/.autopilot/db/global.setting.tcl 
Execute       source X:/Xilinx/unified_workspace/resnet_hls/resblock/hls/.autopilot/db/resblock.compgen.tcl 
Execute         source ./control.slave.tcl 
Execute         source ./control.slave.tcl 
Execute         source ./control_r.slave.tcl 
INFO: [HLS 200-111] Finished Generating all RTL models: CPU user time: 0 seconds. CPU system time: 0 seconds. Elapsed time: 0.475 seconds; current allocated memory: 301.145 MB.
INFO-FLOW: DBG:PROC: ::HLSREPORTS::create_csynth_xml bind_info_var='bind_info' RtlSubPrefix='resblock_' outfile=''
INFO-FLOW: Running: create_csynth_xml read xml data
INFO-FLOW: Done: create_csynth_xml read xml data time: 0 seconds per iteration
INFO-FLOW: Running: create_csynth_xml bind info
INFO-FLOW: Done: create_csynth_xml bind info time: 0 seconds per iteration
INFO-FLOW: Running: create_csynth_xml config info
INFO-FLOW: Done: create_csynth_xml config info time: 0.2 seconds per iteration
INFO-FLOW: Running: create_csynth_xml write xml
INFO-FLOW: Done: create_csynth_xml write xml time: 0 seconds per iteration
INFO-FLOW: DBG:PUTS:      create_csynth_xml wrote csynth_xml=X:/Xilinx/unified_workspace/resnet_hls/resblock/hls/syn/report/csynth.xml
INFO-FLOW: DBG:PROC: ::AP::DESIGN_DATA::generate_json generate_bd_files='0' generate_xo_files='0' modelList='resblock_gmem_m_axi
resblock_control_s_axi
resblock_control_r_s_axi
resblock_flow_control_loop_pipe
resblock
' rtl_lang='both' bootstrap_tcl='false' outdir='' outfilename=''
Execute       source X:/Xilinx/unified_workspace/resnet_hls/resblock/hls/.autopilot/db/global.setting.tcl 
Execute       source X:/Xilinx/unified_workspace/resnet_hls/resblock/hls/.autopilot/db/global.setting.tcl 
Execute       source X:/Xilinx/unified_workspace/resnet_hls/resblock/hls/.autopilot/db/top-io-be.tcl 
Execute       source X:/Xilinx/unified_workspace/resnet_hls/resblock/hls/.autopilot/db/resblock.tbgen.tcl 
Execute       source X:/Xilinx/unified_workspace/resnet_hls/resblock/hls/.autopilot/db/resblock.compgen.dataonly.tcl 
Execute       source X:/Xilinx/unified_workspace/resnet_hls/resblock/hls/.autopilot/db/resblock.compgen.dataonly.tcl 
Execute       source X:/Xilinx/unified_workspace/resnet_hls/resblock/hls/.autopilot/db/resblock.compgen.dataonly.tcl 
Execute       source X:/Xilinx/unified_workspace/resnet_hls/resblock/hls/.autopilot/db/resblock.compgen.dataonly.tcl 
Execute       source X:/Xilinx/unified_workspace/resnet_hls/resblock/hls/.autopilot/db/resblock.rtl_wrap.cfg.tcl 
Execute       source X:/Xilinx/unified_workspace/resnet_hls/resblock/hls/.autopilot/db/resblock.compgen.dataonly.tcl 
Execute       source X:/Xilinx/unified_workspace/resnet_hls/resblock/hls/.autopilot/db/resblock.tbgen.tcl 
Execute       source X:/Xilinx/unified_workspace/resnet_hls/resblock/hls/.autopilot/db/global.setting.tcl 
Execute       ap_part_info -name xcvu9p-flga2104-2-e -data names -quiet 
Execute       ap_part_info -name xcvu9p-flga2104-2-e -data info -quiet 
Execute       source X:/Xilinx/unified_workspace/resnet_hls/resblock/hls/.autopilot/db/resblock.constraint.tcl 
Execute       sc_get_clocks resblock 
Execute       source X:/Xilinx/unified_workspace/resnet_hls/resblock/hls/.autopilot/db/global.setting.tcl 
INFO-FLOW: DBG:PROC: ::HLSREPORTS::add_csynth_report_sections bind_info_dict='adapter_nodes {{BINDTYPE adapter ID {} IMPL {} LATENCY {} OPTYPE {} PRAGMA {} RTLNAME control_s_axi_U SOURCE {} VARIABLE {} LOOP {} BUNDLEDNAME control DSP 0 BRAM 0 URAM 0 STORAGESUBTYPE s_axilite STORAGESIZE {} STORAGEUSAGE interface DISPNAME {bind_adapter }} {BINDTYPE adapter ID {} IMPL {} LATENCY {} OPTYPE {} PRAGMA {} RTLNAME control_r_s_axi_U SOURCE {} VARIABLE {} LOOP {} BUNDLEDNAME control_r DSP 0 BRAM 0 URAM 0 STORAGESUBTYPE s_axilite STORAGESIZE {} STORAGEUSAGE interface DISPNAME {bind_adapter }} {BINDTYPE adapter ID {} IMPL {} LATENCY {} OPTYPE {} PRAGMA {} RTLNAME gmem_m_axi_U SOURCE {} VARIABLE {} LOOP {} BUNDLEDNAME gmem DSP 0 BRAM 2 URAM 0 STORAGESUBTYPE m_axi STORAGESIZE {} STORAGEUSAGE interface DISPNAME {bind_adapter }}} cache_nodes {} report_dict {TOPINST resblock MODULE2INSTS {resblock resblock} INST2MODULE {resblock resblock} INSTDATA {resblock {DEPTH 1 CHILDREN {}}} MODULEDATA {resblock {BINDINFO {{BINDTYPE op ID {} IMPL fabric LATENCY 0 OPTYPE add PRAGMA {} RTLNAME add_ln15_fu_148_p2 SOURCE X:/Xilinx/workspace/resblock_hls/src/resblock.cpp:15 VARIABLE add_ln15 LOOP VITIS_LOOP_15_1_VITIS_LOOP_16_2_VITIS_LOOP_17_3 BUNDLEDNAME {} DSP 0 BRAM 0 URAM 0 STORAGESUBTYPE {} DISPNAME {bind_op add} VISIBLE true} {BINDTYPE op ID {} IMPL auto LATENCY 0 OPTYPE seteq PRAGMA {} RTLNAME icmp_ln15_fu_154_p2 SOURCE X:/Xilinx/workspace/resblock_hls/src/resblock.cpp:15 VARIABLE icmp_ln15 LOOP VITIS_LOOP_15_1_VITIS_LOOP_16_2_VITIS_LOOP_17_3 BUNDLEDNAME {} DSP 0 BRAM 0 URAM 0 STORAGESUBTYPE {} DISPNAME {bind_op seteq} VISIBLE false}} AREA {DSP 0 BRAM 2 URAM 0}}}}'
INFO-FLOW: DBG:PUTS:      update_csynth_reports json2rpt_hw_sw_interfaces
Execute       send_msg_by_id INFO @200-1603@%s  and missed bursts 
INFO: [HLS 200-1603] Design has inferred MAXI bursts and missed bursts, see Vitis HLS GUI synthesis summary report for detailed information.
INFO-FLOW: Running: gen_csynth_sec_pragma
INFO-FLOW: Done: gen_csynth_sec_pragma time: 0 seconds per iteration
INFO-FLOW: DBG:PUTS:      update_csynth_reports wrote xml
INFO-FLOW: DBG:PUTS:      update_csynth_reports appended to csynth rpt file
INFO: [HLS 200-111] Finished Updating report files: CPU user time: 0 seconds. CPU system time: 1 seconds. Elapsed time: 0.737 seconds; current allocated memory: 305.402 MB.
INFO: [VHDL 208-304] Generating VHDL RTL for resblock.
INFO: [VLOG 209-307] Generating Verilog RTL for resblock.
Execute       syn_report -model resblock -printsummary 
INFO: [HLS 200-790] **** Loop Constraint Status: All loop constraints were satisfied.
INFO: [HLS 200-789] **** Estimated Fmax: 136.99 MHz
Command     autosyn done; 2.916 sec.
Command   csynth_design done; 14.444 sec.
Execute   close_project 
Execute     close_solution 
Execute       cleanup_all 
Execute       cleanup_all 
