# 
# Steps log generated by v++
# This log file contains a collection of steps that describe the kernel compilation flow
# Note: Some steps are tagged as internal, these steps are for debugging purposes and 
#       are not expected to be able to run independently.
# 

# The following environment variables are set when running v++
Environment variables :
------------------------------------------
ALLUSERSPROFILE=C:\ProgramData
APPDATA=C:\Users\13742\AppData\Roaming
arr.length=0
arr.Ubound=-1
AUTOESL_JAVA=X:/Xilinx/Vitis/2024.2/tps/win64/jre11.0.16_1/bin/java
AUTOESL_OS=Windows NT
AUTOESL_ROOT=X:/Xilinx/Vitis/2024.2
AUTOESL_VIVADO_HLS_VERSION=true
AUTOPILOT_CONFIG=X:/Xilinx/Vitis/2024.2/common/config
AUTOPILOT_MACH=X:/Xilinx/Vitis/2024.2/win64
AUTOPILOT_ROOT=X:/Xilinx/Vitis/2024.2
AUTOPILOT_TECH=X:/Xilinx/Vitis/2024.2/common/technology
AUTOPILOT_TOOL=X:/Xilinx/Vitis/2024.2/win64/tools
CHARPOP=1
ChocolateyInstall=C:\ProgramData\chocolatey
ChocolateyLastPathUpdate=133580676574065740
CMAKE_OBJECT_PATH_MAX=4096
CommonProgramFiles=C:\Program Files\Common Files
CommonProgramFiles(x86)=C:\Program Files (x86)\Common Files
CommonProgramW6432=C:\Program Files\Common Files
COMPUTERNAME=DJANGO
ComSpec=C:\WINDOWS\system32\cmd.exe
CUDA_PATH=C:\Program Files\NVIDIA GPU Computing Toolkit\CUDA\v12.6
CUDA_PATH_V12_6=C:\Program Files\NVIDIA GPU Computing Toolkit\CUDA\v12.6
DriverData=C:\Windows\System32\Drivers\DriverData
GRADLE_HOME=X:\gradle-8.5
HDI_APPROOT=X:/Xilinx/Vitis/2024.2
HDI_PROCESSOR=i686
HLS_INTERPRETER=C:\WINDOWS\SysWOW64\cmd.exe
HLS_LOG=vitis_hls.log
HLS_MODE=ide
HLS_NEEDLOG=0
HLS_OTHER_ARG=0
HLS_TERSE_OUTPUT=0
HLS_TMP_CMD=call "X:/Xilinx/Vitis/2024.2/bin/loader.bat" -exec vitis_hls 
HLS_VERSION=2024.2
HOME=C:\Users\13742
HOMEDRIVE=C:
HOMEPATH=\Users\13742
HW_SERVER_DJTG_DISABLE=1
HW_SERVER_FTDIMGR_DISABLE=1
IDE_SKIP_SERVER_LICENSE=1
IGCCSVC_DB=AQAAANCMnd8BFdERjHoAwE/Cl+sBAAAAIhzXBNZin0itehzQ3D52xgQAAAACAAAAAAAQZgAAAAEAACAAAABdrW4gCewm2PspRUeHNd0cGpDCDezPRIChsxwiLVB5BQAAAAAOgAAAAAIAACAAAACpFv/rtpccfhvcDn/jLMtWNELz0SCrAYET0NR1RoENfmAAAACd9Moz+TF+rb+9Nj+fwpq3hOmKBkK2djklAYeNNGjVr7FuyAVdGPGBMN+2H1f72BflCziisIbjm3hUoCqP1qp6/+vfKwIuWlc2d83KwiIr+ZdMMIvuQ2H80n6fHnUOuxpAAAAA+Z7GJP2ePc4Co9Fl/Yyaj9K5cXYeberQlG+KclWhil/Zy/aMFdaLPhBkPGj8kC5sjhQM+KLaEVmTaEdzIdNH8A==
INT_VARIABLE_NAME=XILINX_PATH
ISL_IOSTREAMS_RSA=X:/Xilinx/Vitis/2024.2/tps/isl
JAVA_EXE=X:/Xilinx\Vitis\2024.2\tps\win64\jre11.0.16_1\bin\java.exe
JAVA_HOME=X:/Xilinx\Vitis\2024.2\tps\win64\jre11.0.16_1
LC_NUMERIC=C
LD_LIBRARY_PATH=lib;X:/Xilinx/Vitis/2024.2/win64/bin;X:/Xilinx/Vitis/2024.2/win64/tools/fpo_v7_1;X:/Xilinx/Vitis/2024.2/win64/tools/fft_v9_1;X:/Xilinx/Vitis/2024.2/win64/tools/fir_v7_0;X:/Xilinx/Vitis/2024.2/win64/tools/dds_v6_0;X:/Xilinx/Vitis/2024.2/win64/lib/csim
LOCALAPPDATA=C:\Users\13742\AppData\Local
LOGONSERVER=\\DJANGO
LOPPER_DTC_FLAGS=-b 0 -@
MOSQUITTO_DIR=X:\mosquitto
MY_ROOT_DIR=X:\Xilinx\Vitis_HLS\2024.2\bin\
NOSPLASH=false
NUMBER_OF_PROCESSORS=32
NVM_HOME=X:\nvm
NVM_SYMLINK=C:\Program Files\nodejs
OneDrive=C:\Users\13742\OneDrive
ORIGINALHOMEDRIVE=C:
ORIGINAL_XDG_CURRENT_DESKTOP=undefined
OS=Windows_NT
PATH=X:/Xilinx/Vivado/2024.2/tps/win64/binutils-2.26/bin;X:/Xilinx/Vitis/2024.2/bin/../gnu/aarch64/nt/aarch64-linux/bin;X:/Xilinx/Vitis/2024.2/bin/../gnu/ppc64le/4.9.3/win64/bin;X:/Xilinx/Vitis/2024.2/bin/../gnu/aarch32/nt/gcc-arm-linux-gnueabi/bin;X:/Xilinx/Vitis/2024.2/tps/mingw/6.2.0/win64.o/nt/bin;X:/Xilinx/Vivado/2024.2\gnuwin\bin;X:/Xilinx/Vivado/2024.2\gnu\microblaze\nt\bin;X:/Xilinx/Vitis/2024.2/bin;X:/Xilinx/Vitis/2024.2/tps/win64/javafx-sdk-11.0.2/lib;X:/Xilinx/Vitis/2024.2/tps/win64/javafx-sdk-11.0.2/bin;X:/Xilinx/Vitis/2024.2/lib/win64.o;X:/Xilinx/Vitis/2024.2/tps/win64/jre11.0.16_1/bin/server;X:/Xilinx/Vitis/2024.2/tps/win64/jre11.0.16_1/bin;X:\Xilinx\Vitis\2024.2\tps\win64\lopper-1.1.0-packages\min_sdk\\usr\bin;X:/Xilinx\Vitis\2024.2\tps\win64\cmake-3.24.2\bin;X:/Xilinx\Vitis\2024.2\gnu\microblaze\nt\bin;X:/Xilinx\Vitis\2024.2\gnu\microblaze\linux_toolchain\nt64_le\bin;X:/Xilinx\Vitis\2024.2\gnu\aarch32\nt\gcc-arm-linux-gnueabi\bin;X:/Xilinx\Vitis\2024.2\gnu\aarch32\nt\gcc-arm-none-eabi\bin;X:/Xilinx\Vitis\2024.2\gnu\aarch64\nt\aarch64-linux\bin;X:/Xilinx\Vitis\2024.2\gnu\aarch64\nt\aarch64-none\bin;X:/Xilinx\Vitis\2024.2\gnu\armr5\nt\gcc-arm-none-eabi\bin;X:/Xilinx\Vitis\2024.2\gnuwin\bin;X:/Xilinx\Vitis\2024.2\tps\win64\python-3.8.3;X:/Xilinx\Vitis\2024.2\tps\win64\libxslt\bin;X:/Xilinx/Vivado/2024.2\bin;X:/Xilinx/Vitis/2024.2\gnu\arm\nt\bin;X:/Xilinx/Vitis/2024.2\gnu\microblaze\linux_toolchain\nt64_be\bin;X:/Xilinx/Vitis/2024.2\gnu\riscv\nt\riscv64-unknown-elf\bin;X:/Xilinx/Vivado/2024.2\tps\win64\python-3.8.3;X:/Xilinx/Vivado/2024.2\tps\win64\git-2.45.0\bin;X:/Xilinx/Vivado/2024.2\tps\win64\cmake-3.24.2\bin;X:/Xilinx/Vitis/2024.2\win64\tools\clang\bin;X:/Xilinx/Vitis/2024.2/tps/win64/msys64/usr/bin;X:/Xilinx/Vitis/2024.2/tps/win64/msys64/mingw64/bin;X:/Xilinx/Vitis/2024.2/win64/bin;X:/Xilinx/Vitis/2024.2/win64/tools/bin;X:\Xilinx\Vitis_HLS\2024.2\bin\;X:\Xilinx\Vitis_HLS\2024.2\bin\..\tps\win64\msys64\mingw64\bin;X:\Xilinx\Vitis_HLS\2024.2\bin\..\tps\win64\msys64\usr\bin;C:\Program Files\NVIDIA GPU Computing Toolkit\CUDA\v12.6\bin;C:\Program Files\NVIDIA GPU Computing Toolkit\CUDA\v12.6\libnvvp;C:\Program Files\Common Files\Oracle\Java\javapath;C:\Program Files\Microsoft\jdk-11.0.16.101-hotspot\bin;C:\Python311\Scripts\;C:\Python311\;C:\Windows\system32;C:\Windows;C:\Windows\System32\Wbem;C:\Windows\System32\WindowsPowerShell\v1.0\;C:\Windows\System32\OpenSSH\;C:\Program Files (x86)\NVIDIA Corporation\PhysX\Common;C:\Program Files\NVIDIA Corporation\NVIDIA NvDLISR;C:\Program Files\dotnet\;C:\ProgramData\chocolatey\bin;C:\Program Files\Git\cmd;C:\Users\13742\AppData\Roaming\npm;X:\nvm;C:\Program Files\nodejs;X:\nodejs\;C:\Program Files\MongoDB\Server\7.0\bin;C:\Program Files\PowerShell\7\;C:\Program Files\NVIDIA Corporation\Nsight Compute 2024.3.0\;C:\Program Files\MySQL\MySQL Shell 8.0\bin\;C:\Users\13742\scoop\shims;C:\Python311\Lib\site-packages\django;C:\Users\13742\AppData\Local\Microsoft\WindowsApps;C:\Users\13742\.dotnet\tools;X:\Microsoft VS Code\bin;C:\Python311\Lib\site-packages\Django-4.2.5.dist-info;C:\Users\13742\AppData\Local\GitHubDesktop\bin;X:\gradle-8.5\bin;c:\users\13742\.local\bin;X:\mongosh\;X:\apache-maven-3.9.9-bin\apache-maven-3.9.9\bin;;X:/Xilinx/Vitis/2024.2\tps\mingw\6.2.0\win64.o\nt\bin;X:/Xilinx/Vitis/2024.2\tps\mingw\6.2.0\win64.o\nt\libexec\gcc\x86_64-w64-mingw32\6.2.0;X:/Xilinx/Vitis/2024.2/win64/tools/fpo_v7_1;X:/Xilinx/Vitis/2024.2/win64/tools/fft_v9_1;X:/Xilinx/Vitis/2024.2/win64/tools/fir_v7_0;X:/Xilinx/Vitis/2024.2/win64/tools/dds_v6_0;X:/Xilinx/Vitis/2024.2/win64/lib/csim
PATHEXT=.COM;.EXE;.BAT;.CMD;.VBS;.VBE;.JS;.JSE;.WSF;.WSH;.MSC;.PY;.PYW;.CPL
POWERSHELL_DISTRIBUTION_CHANNEL=MSI:Windows 10 Home China
PROCESSOR_ARCHITECTURE=AMD64
PROCESSOR_IDENTIFIER=Intel64 Family 6 Model 183 Stepping 1, GenuineIntel
PROCESSOR_LEVEL=6
PROCESSOR_REVISION=b701
PRODVERSION_EXE=X:/Xilinx/Vitis/2024.2/bin/unwrapped/win64.o/prodversion.exe
ProgramData=C:\ProgramData
ProgramFiles=C:\Program Files
ProgramFiles(x86)=C:\Program Files (x86)
ProgramW6432=C:\Program Files
PROMPT=$P$G
PSModulePath=C:\Users\13742\OneDrive\ÎÄµµ\WindowsPowerShell\Modules;C:\Program Files\WindowsPowerShell\Modules;C:\WINDOWS\system32\WindowsPowerShell\v1.0\Modules
PUBLIC=C:\Users\Public
PYTHONPATH=;X:/Xilinx/Vitis/2024.2\cli;X:/Xilinx/Vitis/2024.2\cli\python-packages\win64;X:/Xilinx/Vitis/2024.2\cli\python-packages\site-packages;X:/Xilinx/Vitis/2024.2\cli\proto;X:/Xilinx/Vitis/2024.2\scripts\python_pkg;
python_path=;X:/Xilinx/Vitis/2024.2\cli;X:/Xilinx/Vitis/2024.2\cli\python-packages\win64;X:/Xilinx/Vitis/2024.2\cli\python-packages\site-packages;X:/Xilinx/Vitis/2024.2\cli\proto;X:/Xilinx/Vitis/2024.2\scripts\python_pkg;
RDI_APPROOT=X:/Xilinx/Vitis/2024.2
RDI_ARGS= -c --mode hls --config X:\Xilinx\unified_workspace\resnet_hls\hls_config.cfg --work_dir resblock
RDI_ARGS_FUNCTION=RDI_EXEC_DEFAULT
RDI_BASEROOT=X:/Xilinx/Vitis
RDI_BINDIR=X:/Xilinx/Vitis/2024.2/bin
RDI_BINROOT=X:/Xilinx/Vitis/2024.2/bin
RDI_BUILD=yes
RDI_CHECK_PROG=True
RDI_DATADIR=X:/Xilinx/Vitis/2024.2/data
RDI_INSTALLROOT=X:/Xilinx
RDI_INSTALLVER=2024.2
RDI_INSTALLVERSION=2024.2
RDI_JAVACEFROOT=X:/Xilinx/Vitis/2024.2/tps/win64/java-cef-95.0.4638.69
RDI_JAVAFXROOT=X:/Xilinx/Vitis/2024.2/tps/win64/javafx-sdk-11.0.2
RDI_JAVAROOT=X:/Xilinx/Vitis/2024.2/tps/win64/jre11.0.16_1
RDI_JAVA_VERSION=11.0.16_1
RDI_LIBDIR=X:/Xilinx/Vitis/2024.2/lib/win64.o
RDI_MINGW_LIB=X:/Xilinx/Vitis/2024.2\tps\mingw\6.2.0\win64.o\nt\bin;X:/Xilinx/Vitis/2024.2\tps\mingw\6.2.0\win64.o\nt\libexec\gcc\x86_64-w64-mingw32\6.2.0
RDI_OPT_EXT=.o
RDI_OS_ARCH=64
RDI_PLATFORM=win64
RDI_PREPEND_PATH=X:/Xilinx/Vitis/2024.2/bin;X:/Xilinx/Vitis/2024.2/bin
RDI_PROG=X:/Xilinx/Vitis/2024.2/bin/unwrapped/win64.o/v++.exe
RDI_PROGNAME=v++.exe
RDI_SESSION_INFO=X:\Xilinx\Vitis_HLS\2024.2\bin:DJANGO-10-05-2025Sat_15-48-40.00
RDI_SHARED_DATA=X:/Xilinx/SharedData/2024.2/data
RDI_TPS_ROOT=X:/Xilinx/Vivado/2024.2/tps/win64
RDI_USE_JDK11=1
RDI_VERBOSE=0
ROOT_SWTICH_INGUI=1
RT_LIBPATH=X:/Xilinx/Vitis/2024.2/scripts/rt/data
RT_TCL_PATH=X:/Xilinx/Vitis/2024.2/scripts/rt/base_tcl/tcl
SDKROOT=X:\Xilinx\Vitis\2024.2\tps\win64\lopper-1.1.0-packages\min_sdk\
SESSIONNAME=Console
session_string=X:\Xilinx\unified_workspace\resnet_hls:DJANGO-10-05-2025Sat_16-09-02.46
supports_classic_ide=true
SWIG_LIB=X:\Xilinx\Vitis\2024.2\tps\win64\lopper-1.1.0-packages\min_sdk\\usr\lib\swig\4.2.1
SWT_GTK3=1
SYNTH_COMMON=X:/Xilinx/Vitis/2024.2/scripts/rt/data
SystemDrive=C:
SystemRoot=C:\WINDOWS
TCL_LIBRARY=X:/Xilinx/Vitis/2024.2/tps/tcl/tcl8.6
TCMALLOC_LARGE_ALLOC_REPORT_THRESHOLD=4294967296
TEMP=C:\Users\13742\AppData\Local\Temp
THEIA_APP_PROJECT_PATH=X:\Xilinx\Vitis\2024.2\ide\electron-app\win64\resources\app
THEIA_DEFAULT_PLUGINS=local-dir:X:\Xilinx\Vitis\2024.2\ide\electron-app\win64\resources\app\plugins
THEIA_ELECTRON_TOKEN={"value":"92c3b61e-b319-49f9-979b-cf37ff8dee4e"}
THEIA_ELECTRON_VERSION=15.5.7
THEIA_PLUGINS=local-dir:C:\Users\13742\.theia\plugins
TMP=C:\Users\13742\AppData\Local\Temp
tooldir=tps\win64\git-2.41.0
TOOLS_CLANG=X:/Xilinx/Vitis/2024.2\win64\tools\clang
TPS_CMAKE=X:/Xilinx/Vivado/2024.2\tps\win64\cmake-3.24.2
TPS_GIT=X:/Xilinx/Vivado/2024.2\tps\win64\git-2.45.0
TPS_LIBXSLT=X:/Xilinx/Vitis/2024.2\tps\win64\libxslt
TPS_PYTHON=X:/Xilinx/Vivado/2024.2\tps\win64\python-3.8.3
USERDOMAIN=DJANGO
USERDOMAIN_ROAMINGPROFILE=DJANGO
USERNAME=13742
USERPROFILE=C:\Users\13742
USE_VITIS_DIR=1
VITISNEW=true
VIVADO_HLS_ARG_DBG=0
VSCODE_API_VERSION=1.53.2
windir=C:\WINDOWS
WSLENV=WT_SESSION:WT_PROFILE_ID:
WT_PROFILE_ID={61c54bbd-c2c6-5271-96e7-009a87ff44bf}
WT_SESSION=d283e280-5d03-4033-a849-6c5264ed9934
XILINX_HLS=X:/Xilinx/Vitis/2024.2
XILINX_HLS_CLANG_3_1=X:/Xilinx/Vitis/2024.2/win64/tools/clang-3.1
XILINX_HLS_TPS_PATH=X:/Xilinx/Vitis/2024.2/tps;X:/Xilinx/Vitis/2024.2/tps/win64;X:/Xilinx/Vivado/2024.2/tps;X:/Xilinx/Vivado/2024.2/tps/win64
XILINX_OPENCL=X:/Xilinx/Vitis/2024.2
XILINX_PLANAHEAD=X:/Xilinx/Vitis/2024.2
XILINX_SDK=X:/Xilinx/Vitis/2024.2
XILINX_VCXX=X:/Xilinx/Vitis/2024.2/vcxx
XILINX_VERSION_DEFAULT=2024.2
XILINX_VERSION_VITIS=2024.2
XILINX_VITIS=X:/Xilinx\Vitis\2024.2
XILINX_VITIS_GIT=X:/Xilinx/Vivado/2024.2\tps\win64\git-2.45.0\bin
XILINX_VITIS_HLS_ENCAPSULATED=1
XILINX_VITIS_VERSION=Vitis v2024.2 (64-bit)
XILINX_VIVADO=X:/Xilinx/Vivado/2024.2
XILINX_VIVADO_HLS=X:/Xilinx/Vivado/2024.2
XIL_CHECK_TCL_DEBUG=False
XIL_NO_OVERRIDE=0
XIL_PA_NO_DEFAULT_OVERRIDE=1
XIL_SUPPRESS_OVERRIDE_WARNINGS=1
XVREDIST=X:/Xilinx/Vitis/2024.2\tps\win64\xvcredist.exe
ZES_ENABLE_SYSMAN=1
_RDI_BINROOT=X:\Xilinx\Vitis\2024.2\bin
_RDI_CWD=X:\Xilinx\unified_workspace\resnet_hls
_RDI_DONT_SET_XILINX_AS_PATH=True
_RDI_VERSION_PROG=v++
_valid=False
_XILINX_HLS_HIDE_BANNER_SUBPROC=1
_XILINX_HLS_LEGACY=X:/Xilinx/Vitis_HLS/2024.2
XILINX_CD_CONNECT_ID=58375
XILINX_CD_SESSION=33dd27af-b6b7-417f-9b6f-2b9574e7d9b3


V++ command line:
------------------------------------------
X:/Xilinx/Vitis/2024.2/bin/unwrapped/win64.o/v++.exe -c --mode hls --config X:\Xilinx\unified_workspace\resnet_hls\hls_config.cfg --work_dir resblock 

FINAL PROGRAM OPTIONS
--compile
--config X:\Xilinx\unified_workspace\resnet_hls\hls_config.cfg
--hls.clock 10ns
--hls.flow_target vivado
--hls.package.output.format ip_catalog
--hls.package.output.syn false
--hls.syn.file X:/Xilinx/workspace/resblock_hls/src/resblock.cpp
--hls.syn.top resblock
--hls.tb.file X:/Xilinx/workspace/resblock_hls/src/resblock_tb.cpp
--mode hls
--part xcvu9p-flga2104-2-e
--target hw
--work_dir resblock

PARSED COMMAND LINE OPTIONS
-c 
--mode hls 
--config X:\Xilinx\unified_workspace\resnet_hls\hls_config.cfg 
--work_dir resblock 

PARSED CONFIG FILE (1) OPTIONS
file: X:\Xilinx\unified_workspace\resnet_hls\hls_config.cfg
part xcvu9p-flga2104-2-e 
hls.flow_target vivado 
hls.package.output.format ip_catalog 
hls.package.output.syn false 
hls.syn.top resblock 
hls.syn.file X:/Xilinx/workspace/resblock_hls/src/resblock.cpp 
hls.tb.file X:/Xilinx/workspace/resblock_hls/src/resblock_tb.cpp 
hls.clock 10ns 


==========================================
new:  steps log generated by v++ for new launch 
timestamp: 10 May 2025 16:09:07
